[DEBUG][2016-07-21 13:52:49,530][org.springframework.test.context.junit4.SpringJUnit4ClassRunner]SpringJUnit4ClassRunner constructor called with [class shop.TestDemo].
[DEBUG][2016-07-21 13:52:49,675][org.springframework.test.context.support.DelegatingSmartContextLoader]Delegating to GenericXmlContextLoader to process context configuration [ContextConfigurationAttributes@1c2c22f3 declaringClass = 'shop.TestDemo', locations = '{classpath:spring-mybatis.xml}', classes = '{}', inheritLocations = true, contextLoaderClass = 'org.springframework.test.context.ContextLoader'].
[DEBUG][2016-07-21 13:52:49,726][org.springframework.test.context.ContextLoaderUtils]Could not find an 'annotation declaring class' for annotation type [interface org.springframework.test.context.ActiveProfiles] and class [class shop.TestDemo]
[INFO][2016-07-21 13:52:49,749][org.springframework.test.context.TestContextManager]@TestExecutionListeners is not present for class [class shop.TestDemo]: using defaults.
[DEBUG][2016-07-21 13:52:49,879][org.springframework.test.annotation.ProfileValueUtils]Retrieved @ProfileValueSourceConfiguration [null] for test class [shop.TestDemo]
[DEBUG][2016-07-21 13:52:49,880][org.springframework.test.annotation.ProfileValueUtils]Retrieved ProfileValueSource type [class org.springframework.test.annotation.SystemProfileValueSource] for class [shop.TestDemo]
[DEBUG][2016-07-21 13:52:49,885][org.springframework.test.annotation.ProfileValueUtils]Retrieved @ProfileValueSourceConfiguration [null] for test class [shop.TestDemo]
[DEBUG][2016-07-21 13:52:49,886][org.springframework.test.annotation.ProfileValueUtils]Retrieved ProfileValueSource type [class org.springframework.test.annotation.SystemProfileValueSource] for class [shop.TestDemo]
[DEBUG][2016-07-21 13:52:49,889][org.springframework.test.annotation.ProfileValueUtils]Retrieved @ProfileValueSourceConfiguration [null] for test class [shop.TestDemo]
[DEBUG][2016-07-21 13:52:49,890][org.springframework.test.annotation.ProfileValueUtils]Retrieved ProfileValueSource type [class org.springframework.test.annotation.SystemProfileValueSource] for class [shop.TestDemo]
[DEBUG][2016-07-21 13:52:49,894][org.springframework.test.annotation.ProfileValueUtils]Retrieved @ProfileValueSourceConfiguration [null] for test class [shop.TestDemo]
[DEBUG][2016-07-21 13:52:49,895][org.springframework.test.annotation.ProfileValueUtils]Retrieved ProfileValueSource type [class org.springframework.test.annotation.SystemProfileValueSource] for class [shop.TestDemo]
[DEBUG][2016-07-21 13:52:49,900][org.springframework.test.context.support.DependencyInjectionTestExecutionListener]Performing dependency injection for test context [[TestContext@4ec6a292 testClass = TestDemo, testInstance = shop.TestDemo@1b40d5f0, testMethod = [null], testException = [null], mergedContextConfiguration = [MergedContextConfiguration@ea4a92b testClass = TestDemo, locations = '{classpath:spring-mybatis.xml}', classes = '{}', activeProfiles = '{}', contextLoader = 'org.springframework.test.context.support.DelegatingSmartContextLoader']]].
[DEBUG][2016-07-21 13:52:49,901][org.springframework.test.context.support.DelegatingSmartContextLoader]Delegating to GenericXmlContextLoader to load context from [MergedContextConfiguration@ea4a92b testClass = TestDemo, locations = '{classpath:spring-mybatis.xml}', classes = '{}', activeProfiles = '{}', contextLoader = 'org.springframework.test.context.support.DelegatingSmartContextLoader'].
[DEBUG][2016-07-21 13:52:49,902][org.springframework.test.context.support.AbstractGenericContextLoader]Loading ApplicationContext for merged context configuration [[MergedContextConfiguration@ea4a92b testClass = TestDemo, locations = '{classpath:spring-mybatis.xml}', classes = '{}', activeProfiles = '{}', contextLoader = 'org.springframework.test.context.support.DelegatingSmartContextLoader']].
[DEBUG][2016-07-21 13:52:50,134][org.springframework.core.env.StandardEnvironment]Initializing new StandardEnvironment
[DEBUG][2016-07-21 13:52:50,140][org.springframework.core.env.StandardEnvironment]Adding [systemProperties] PropertySource with lowest search precedence
[DEBUG][2016-07-21 13:52:50,151][org.springframework.core.env.StandardEnvironment]Adding [systemEnvironment] PropertySource with lowest search precedence
[DEBUG][2016-07-21 13:52:50,152][org.springframework.core.env.StandardEnvironment]Initialized StandardEnvironment with PropertySources [systemProperties,systemEnvironment]
[DEBUG][2016-07-21 13:52:50,388][org.springframework.core.env.StandardEnvironment]Initializing new StandardEnvironment
[DEBUG][2016-07-21 13:52:50,389][org.springframework.core.env.StandardEnvironment]Adding [systemProperties] PropertySource with lowest search precedence
[DEBUG][2016-07-21 13:52:50,390][org.springframework.core.env.StandardEnvironment]Adding [systemEnvironment] PropertySource with lowest search precedence
[DEBUG][2016-07-21 13:52:50,390][org.springframework.core.env.StandardEnvironment]Initialized StandardEnvironment with PropertySources [systemProperties,systemEnvironment]
[INFO][2016-07-21 13:52:50,404][org.springframework.beans.factory.xml.XmlBeanDefinitionReader]Loading XML bean definitions from class path resource [spring-mybatis.xml]
[DEBUG][2016-07-21 13:52:50,437][org.springframework.beans.factory.xml.DefaultDocumentLoader]Using JAXP provider [com.sun.org.apache.xerces.internal.jaxp.DocumentBuilderFactoryImpl]
[DEBUG][2016-07-21 13:52:50,501][org.springframework.beans.factory.xml.PluggableSchemaResolver]Loading schema mappings from [META-INF/spring.schemas]
[DEBUG][2016-07-21 13:52:50,543][org.springframework.beans.factory.xml.PluggableSchemaResolver]Loaded schema mappings: {http://mybatis.org/schema/mybatis-spring-1.2.xsd=org/mybatis/spring/config/mybatis-spring-1.2.xsd, http://www.springframework.org/schema/oxm/spring-oxm-3.0.xsd=org/springframework/oxm/config/spring-oxm-3.0.xsd, http://www.springframework.org/schema/util/spring-util.xsd=org/springframework/beans/factory/xml/spring-util-3.1.xsd, http://www.springframework.org/schema/mvc/spring-mvc-3.1.xsd=org/springframework/web/servlet/config/spring-mvc-3.1.xsd, http://www.springframework.org/schema/beans/spring-beans-3.1.xsd=org/springframework/beans/factory/xml/spring-beans-3.1.xsd, http://www.springframework.org/schema/task/spring-task.xsd=org/springframework/scheduling/config/spring-task-3.1.xsd, http://www.springframework.org/schema/cache/spring-cache.xsd=org/springframework/cache/config/spring-cache-3.1.xsd, http://www.springframework.org/schema/aop/spring-aop-3.0.xsd=org/springframework/aop/config/spring-aop-3.0.xsd, http://www.springframework.org/schema/aop/spring-aop-2.0.xsd=org/springframework/aop/config/spring-aop-2.0.xsd, http://www.springframework.org/schema/task/spring-task-3.1.xsd=org/springframework/scheduling/config/spring-task-3.1.xsd, http://www.springframework.org/schema/oxm/spring-oxm.xsd=org/springframework/oxm/config/spring-oxm-3.1.xsd, http://www.springframework.org/schema/tool/spring-tool-2.5.xsd=org/springframework/beans/factory/xml/spring-tool-2.5.xsd, http://www.springframework.org/schema/beans/spring-beans.xsd=org/springframework/beans/factory/xml/spring-beans-3.1.xsd, http://www.springframework.org/schema/jee/spring-jee-2.5.xsd=org/springframework/ejb/config/spring-jee-2.5.xsd, http://www.springframework.org/schema/jdbc/spring-jdbc-3.1.xsd=org/springframework/jdbc/config/spring-jdbc-3.1.xsd, http://www.springframework.org/schema/tool/spring-tool-3.1.xsd=org/springframework/beans/factory/xml/spring-tool-3.1.xsd, http://www.springframework.org/schema/aop/spring-aop.xsd=org/springframework/aop/config/spring-aop-3.1.xsd, http://www.springframework.org/schema/jee/spring-jee-3.1.xsd=org/springframework/ejb/config/spring-jee-3.1.xsd, http://www.springframework.org/schema/beans/spring-beans-2.0.xsd=org/springframework/beans/factory/xml/spring-beans-2.0.xsd, http://www.springframework.org/schema/mvc/spring-mvc-3.0.xsd=org/springframework/web/servlet/config/spring-mvc-3.0.xsd, http://www.springframework.org/schema/beans/spring-beans-3.0.xsd=org/springframework/beans/factory/xml/spring-beans-3.0.xsd, http://www.springframework.org/schema/task/spring-task-3.0.xsd=org/springframework/scheduling/config/spring-task-3.0.xsd, http://mybatis.org/schema/mybatis-spring.xsd=org/mybatis/spring/config/mybatis-spring-1.2.xsd, http://www.springframework.org/schema/tx/spring-tx-2.5.xsd=org/springframework/transaction/config/spring-tx-2.5.xsd, http://www.springframework.org/schema/context/spring-context-2.5.xsd=org/springframework/context/config/spring-context-2.5.xsd, http://www.springframework.org/schema/jdbc/spring-jdbc-3.0.xsd=org/springframework/jdbc/config/spring-jdbc-3.0.xsd, http://www.springframework.org/schema/tool/spring-tool-3.0.xsd=org/springframework/beans/factory/xml/spring-tool-3.0.xsd, http://www.springframework.org/schema/tx/spring-tx.xsd=org/springframework/transaction/config/spring-tx-3.1.xsd, http://www.springframework.org/schema/tool/spring-tool-2.0.xsd=org/springframework/beans/factory/xml/spring-tool-2.0.xsd, http://www.springframework.org/schema/util/spring-util-2.5.xsd=org/springframework/beans/factory/xml/spring-util-2.5.xsd, http://www.springframework.org/schema/lang/spring-lang.xsd=org/springframework/scripting/config/spring-lang-3.1.xsd, http://www.springframework.org/schema/lang/spring-lang-2.5.xsd=org/springframework/scripting/config/spring-lang-2.5.xsd, http://www.springframework.org/schema/jee/spring-jee-3.0.xsd=org/springframework/ejb/config/spring-jee-3.0.xsd, http://www.springframework.org/schema/tx/spring-tx-3.1.xsd=org/springframework/transaction/config/spring-tx-3.1.xsd, http://www.springframework.org/schema/jee/spring-jee-2.0.xsd=org/springframework/ejb/config/spring-jee-2.0.xsd, http://www.springframework.org/schema/context/spring-context-3.1.xsd=org/springframework/context/config/spring-context-3.1.xsd, http://www.springframework.org/schema/util/spring-util-3.1.xsd=org/springframework/beans/factory/xml/spring-util-3.1.xsd, http://www.springframework.org/schema/lang/spring-lang-3.1.xsd=org/springframework/scripting/config/spring-lang-3.1.xsd, http://www.springframework.org/schema/cache/spring-cache-3.1.xsd=org/springframework/cache/config/spring-cache-3.1.xsd, http://www.springframework.org/schema/context/spring-context.xsd=org/springframework/context/config/spring-context-3.1.xsd, http://www.springframework.org/schema/jee/spring-jee.xsd=org/springframework/ejb/config/spring-jee-3.1.xsd, http://www.springframework.org/schema/oxm/spring-oxm-3.1.xsd=org/springframework/oxm/config/spring-oxm-3.1.xsd, http://www.springframework.org/schema/aop/spring-aop-2.5.xsd=org/springframework/aop/config/spring-aop-2.5.xsd, http://www.springframework.org/schema/mvc/spring-mvc.xsd=org/springframework/web/servlet/config/spring-mvc-3.1.xsd, http://www.springframework.org/schema/jdbc/spring-jdbc.xsd=org/springframework/jdbc/config/spring-jdbc-3.1.xsd, http://www.springframework.org/schema/aop/spring-aop-3.1.xsd=org/springframework/aop/config/spring-aop-3.1.xsd, http://www.springframework.org/schema/tx/spring-tx-2.0.xsd=org/springframework/transaction/config/spring-tx-2.0.xsd, http://www.springframework.org/schema/tx/spring-tx-3.0.xsd=org/springframework/transaction/config/spring-tx-3.0.xsd, http://www.springframework.org/schema/context/spring-context-3.0.xsd=org/springframework/context/config/spring-context-3.0.xsd, http://www.springframework.org/schema/tool/spring-tool.xsd=org/springframework/beans/factory/xml/spring-tool-3.1.xsd, http://www.springframework.org/schema/util/spring-util-3.0.xsd=org/springframework/beans/factory/xml/spring-util-3.0.xsd, http://www.springframework.org/schema/lang/spring-lang-3.0.xsd=org/springframework/scripting/config/spring-lang-3.0.xsd, http://www.springframework.org/schema/util/spring-util-2.0.xsd=org/springframework/beans/factory/xml/spring-util-2.0.xsd, http://www.springframework.org/schema/lang/spring-lang-2.0.xsd=org/springframework/scripting/config/spring-lang-2.0.xsd, http://www.springframework.org/schema/beans/spring-beans-2.5.xsd=org/springframework/beans/factory/xml/spring-beans-2.5.xsd}
[DEBUG][2016-07-21 13:52:50,546][org.springframework.beans.factory.xml.PluggableSchemaResolver]Found XML schema [http://www.springframework.org/schema/beans/spring-beans-3.1.xsd] in classpath: org/springframework/beans/factory/xml/spring-beans-3.1.xsd
[DEBUG][2016-07-21 13:52:50,647][org.springframework.beans.factory.xml.PluggableSchemaResolver]Found XML schema [http://www.springframework.org/schema/context/spring-context-3.1.xsd] in classpath: org/springframework/context/config/spring-context-3.1.xsd
[DEBUG][2016-07-21 13:52:50,690][org.springframework.beans.factory.xml.PluggableSchemaResolver]Found XML schema [http://www.springframework.org/schema/tool/spring-tool-3.1.xsd] in classpath: org/springframework/beans/factory/xml/spring-tool-3.1.xsd
[DEBUG][2016-07-21 13:52:50,733][org.springframework.beans.factory.xml.DefaultBeanDefinitionDocumentReader]Loading bean definitions
[DEBUG][2016-07-21 13:52:50,758][org.springframework.beans.factory.xml.DefaultNamespaceHandlerResolver]Loaded NamespaceHandler mappings: {http://www.springframework.org/schema/p=org.springframework.beans.factory.xml.SimplePropertyNamespaceHandler, http://www.springframework.org/schema/mvc=org.springframework.web.servlet.config.MvcNamespaceHandler, http://www.springframework.org/schema/util=org.springframework.beans.factory.xml.UtilNamespaceHandler, http://www.springframework.org/schema/jee=org.springframework.ejb.config.JeeNamespaceHandler, http://www.springframework.org/schema/aop=org.springframework.aop.config.AopNamespaceHandler, http://www.springframework.org/schema/jdbc=org.springframework.jdbc.config.JdbcNamespaceHandler, http://www.springframework.org/schema/oxm=org.springframework.oxm.config.OxmNamespaceHandler, http://www.springframework.org/schema/cache=org.springframework.cache.config.CacheNamespaceHandler, http://mybatis.org/schema/mybatis-spring=org.mybatis.spring.config.NamespaceHandler, http://www.springframework.org/schema/c=org.springframework.beans.factory.xml.SimpleConstructorNamespaceHandler, http://www.springframework.org/schema/tx=org.springframework.transaction.config.TxNamespaceHandler, http://www.springframework.org/schema/task=org.springframework.scheduling.config.TaskNamespaceHandler, http://www.springframework.org/schema/lang=org.springframework.scripting.config.LangNamespaceHandler, http://www.springframework.org/schema/context=org.springframework.context.config.ContextNamespaceHandler}
[INFO][2016-07-21 13:52:50,803][org.springframework.context.annotation.ClassPathBeanDefinitionScanner]JSR-250 'javax.annotation.ManagedBean' found and supported for component scanning
[INFO][2016-07-21 13:52:50,807][org.springframework.context.annotation.ClassPathBeanDefinitionScanner]JSR-330 'javax.inject.Named' annotation found and supported for component scanning
[DEBUG][2016-07-21 13:52:50,818][org.springframework.core.io.support.PathMatchingResourcePatternResolver]Looking for matching resources in directory tree [D:\git\shop\shop\target\classes\wl\service]
[DEBUG][2016-07-21 13:52:50,818][org.springframework.core.io.support.PathMatchingResourcePatternResolver]Searching directory [D:\git\shop\shop\target\classes\wl\service] for files matching pattern [D:/git/shop/shop/target/classes/wl/service/**/*.class]
[DEBUG][2016-07-21 13:52:50,823][org.springframework.core.io.support.PathMatchingResourcePatternResolver]Searching directory [D:\git\shop\shop\target\classes\wl\service\impl] for files matching pattern [D:/git/shop/shop/target/classes/wl/service/**/*.class]
[DEBUG][2016-07-21 13:52:50,852][org.springframework.core.io.support.PathMatchingResourcePatternResolver]Resolved location pattern [classpath*:wl/service/**/*.class] to resources [file [D:\git\shop\shop\target\classes\wl\service\impl\BossServiceImpl.class], file [D:\git\shop\shop\target\classes\wl\service\impl\SCustomerServiceImpl.class], file [D:\git\shop\shop\target\classes\wl\service\impl\SOrderServiceImpl.class], file [D:\git\shop\shop\target\classes\wl\service\impl\SRoleServiceImpl.class], file [D:\git\shop\shop\target\classes\wl\service\impl\SServiceServiceImpl.class], file [D:\git\shop\shop\target\classes\wl\service\impl\SShopServiceImpl.class], file [D:\git\shop\shop\target\classes\wl\service\impl\SUserApplyServiceImpl.class], file [D:\git\shop\shop\target\classes\wl\service\impl\SUserPlaneServiceImpl.class], file [D:\git\shop\shop\target\classes\wl\service\impl\SUserServiceImpl.class], file [D:\git\shop\shop\target\classes\wl\service\ISBossService.class], file [D:\git\shop\shop\target\classes\wl\service\ISCustomerChildrenService.class], file [D:\git\shop\shop\target\classes\wl\service\ISCustomerService.class], file [D:\git\shop\shop\target\classes\wl\service\ISOrderService.class], file [D:\git\shop\shop\target\classes\wl\service\ISRoleService.class], file [D:\git\shop\shop\target\classes\wl\service\ISServiceService.class], file [D:\git\shop\shop\target\classes\wl\service\ISShopService.class], file [D:\git\shop\shop\target\classes\wl\service\ISUserApplyService.class], file [D:\git\shop\shop\target\classes\wl\service\ISUserPlaneService.class], file [D:\git\shop\shop\target\classes\wl\service\ISUserService.class]]
[DEBUG][2016-07-21 13:52:50,898][org.springframework.context.annotation.ClassPathBeanDefinitionScanner]Identified candidate component class: file [D:\git\shop\shop\target\classes\wl\service\impl\BossServiceImpl.class]
[DEBUG][2016-07-21 13:52:50,904][org.springframework.context.annotation.ClassPathBeanDefinitionScanner]Identified candidate component class: file [D:\git\shop\shop\target\classes\wl\service\impl\SCustomerServiceImpl.class]
[DEBUG][2016-07-21 13:52:50,906][org.springframework.context.annotation.ClassPathBeanDefinitionScanner]Identified candidate component class: file [D:\git\shop\shop\target\classes\wl\service\impl\SOrderServiceImpl.class]
[DEBUG][2016-07-21 13:52:50,941][org.springframework.context.annotation.ClassPathBeanDefinitionScanner]Identified candidate component class: file [D:\git\shop\shop\target\classes\wl\service\impl\SRoleServiceImpl.class]
[DEBUG][2016-07-21 13:52:50,942][org.springframework.context.annotation.ClassPathBeanDefinitionScanner]Identified candidate component class: file [D:\git\shop\shop\target\classes\wl\service\impl\SServiceServiceImpl.class]
[DEBUG][2016-07-21 13:52:50,944][org.springframework.context.annotation.ClassPathBeanDefinitionScanner]Identified candidate component class: file [D:\git\shop\shop\target\classes\wl\service\impl\SShopServiceImpl.class]
[DEBUG][2016-07-21 13:52:50,946][org.springframework.context.annotation.ClassPathBeanDefinitionScanner]Identified candidate component class: file [D:\git\shop\shop\target\classes\wl\service\impl\SUserApplyServiceImpl.class]
[DEBUG][2016-07-21 13:52:50,948][org.springframework.context.annotation.ClassPathBeanDefinitionScanner]Identified candidate component class: file [D:\git\shop\shop\target\classes\wl\service\impl\SUserPlaneServiceImpl.class]
[DEBUG][2016-07-21 13:52:50,949][org.springframework.context.annotation.ClassPathBeanDefinitionScanner]Identified candidate component class: file [D:\git\shop\shop\target\classes\wl\service\impl\SUserServiceImpl.class]
[DEBUG][2016-07-21 13:52:50,995][org.springframework.beans.factory.xml.BeanDefinitionParserDelegate]No XML 'id' specified - using 'dataSource' as bean name and [] as aliases
[DEBUG][2016-07-21 13:52:51,005][org.springframework.beans.factory.xml.BeanDefinitionParserDelegate]Neither XML 'id' nor 'name' specified - using generated bean name [com.github.pagehelper.PageHelper#63440df3]
[DEBUG][2016-07-21 13:52:51,007][org.springframework.beans.factory.xml.BeanDefinitionParserDelegate]Neither XML 'id' nor 'name' specified - using generated bean name [org.mybatis.spring.mapper.MapperScannerConfigurer#0]
[DEBUG][2016-07-21 13:52:51,008][org.springframework.beans.factory.xml.XmlBeanDefinitionReader]Loaded 18 bean definitions from location pattern [classpath:spring-mybatis.xml]
[INFO][2016-07-21 13:52:51,013][org.springframework.context.support.GenericApplicationContext]Refreshing org.springframework.context.support.GenericApplicationContext@39ba5a14: startup date [Thu Jul 21 13:52:51 CST 2016]; root of context hierarchy
[DEBUG][2016-07-21 13:52:51,018][org.springframework.context.support.GenericApplicationContext]Bean factory for org.springframework.context.support.GenericApplicationContext@39ba5a14: org.springframework.beans.factory.support.DefaultListableBeanFactory@ed9d034: defining beans [bossService,scustomer,orderService,srole,sservice,sshop,sUserApply,suserplane,suser,org.springframework.context.annotation.internalConfigurationAnnotationProcessor,org.springframework.context.annotation.internalAutowiredAnnotationProcessor,org.springframework.context.annotation.internalRequiredAnnotationProcessor,org.springframework.context.annotation.internalCommonAnnotationProcessor,propertyConfigurer,dataSource,sqlSessionFactory,org.mybatis.spring.mapper.MapperScannerConfigurer#0,transactionManager]; root of factory hierarchy
[DEBUG][2016-07-21 13:52:51,145][org.springframework.beans.factory.support.DefaultListableBeanFactory]Creating shared instance of singleton bean 'org.springframework.context.annotation.internalConfigurationAnnotationProcessor'
[DEBUG][2016-07-21 13:52:51,147][org.springframework.beans.factory.support.DefaultListableBeanFactory]Creating instance of bean 'org.springframework.context.annotation.internalConfigurationAnnotationProcessor'
[DEBUG][2016-07-21 13:52:51,203][org.springframework.beans.factory.support.DefaultListableBeanFactory]Eagerly caching bean 'org.springframework.context.annotation.internalConfigurationAnnotationProcessor' to allow for resolving potential circular references
[DEBUG][2016-07-21 13:52:51,211][org.springframework.beans.factory.support.DefaultListableBeanFactory]Finished creating instance of bean 'org.springframework.context.annotation.internalConfigurationAnnotationProcessor'
[DEBUG][2016-07-21 13:52:51,211][org.springframework.beans.factory.support.DefaultListableBeanFactory]Creating shared instance of singleton bean 'org.mybatis.spring.mapper.MapperScannerConfigurer#0'
[DEBUG][2016-07-21 13:52:51,212][org.springframework.beans.factory.support.DefaultListableBeanFactory]Creating instance of bean 'org.mybatis.spring.mapper.MapperScannerConfigurer#0'
[DEBUG][2016-07-21 13:52:51,213][org.springframework.beans.factory.support.DefaultListableBeanFactory]Eagerly caching bean 'org.mybatis.spring.mapper.MapperScannerConfigurer#0' to allow for resolving potential circular references
[DEBUG][2016-07-21 13:52:51,332][org.springframework.beans.factory.support.DefaultListableBeanFactory]Invoking afterPropertiesSet() on bean with name 'org.mybatis.spring.mapper.MapperScannerConfigurer#0'
[DEBUG][2016-07-21 13:52:51,332][org.springframework.beans.factory.support.DefaultListableBeanFactory]Finished creating instance of bean 'org.mybatis.spring.mapper.MapperScannerConfigurer#0'
[DEBUG][2016-07-21 13:52:51,447][org.springframework.core.env.StandardEnvironment]Initializing new StandardEnvironment
[DEBUG][2016-07-21 13:52:51,449][org.springframework.core.env.StandardEnvironment]Adding [systemProperties] PropertySource with lowest search precedence
[DEBUG][2016-07-21 13:52:51,451][org.springframework.core.env.StandardEnvironment]Adding [systemEnvironment] PropertySource with lowest search precedence
[DEBUG][2016-07-21 13:52:51,452][org.springframework.core.env.StandardEnvironment]Initialized StandardEnvironment with PropertySources [systemProperties,systemEnvironment]
[DEBUG][2016-07-21 13:52:51,458][org.springframework.core.io.support.PathMatchingResourcePatternResolver]Looking for matching resources in directory tree [D:\git\shop\shop\target\classes\wl\dao]
[DEBUG][2016-07-21 13:52:51,458][org.springframework.core.io.support.PathMatchingResourcePatternResolver]Searching directory [D:\git\shop\shop\target\classes\wl\dao] for files matching pattern [D:/git/shop/shop/target/classes/wl/dao/**/*.class]
[DEBUG][2016-07-21 13:52:51,481][org.springframework.core.io.support.PathMatchingResourcePatternResolver]Resolved location pattern [classpath*:wl/dao/**/*.class] to resources [file [D:\git\shop\shop\target\classes\wl\dao\SBossMapper.class], file [D:\git\shop\shop\target\classes\wl\dao\SCardMapper.class], file [D:\git\shop\shop\target\classes\wl\dao\SCustomerChildrenMapper.class], file [D:\git\shop\shop\target\classes\wl\dao\SCustomerMapper.class], file [D:\git\shop\shop\target\classes\wl\dao\SInvitationCodeMapper.class], file [D:\git\shop\shop\target\classes\wl\dao\SMemberMapper.class], file [D:\git\shop\shop\target\classes\wl\dao\SOrderMapper.class], file [D:\git\shop\shop\target\classes\wl\dao\SOrderServiceMapper.class], file [D:\git\shop\shop\target\classes\wl\dao\SRoleMapper.class], file [D:\git\shop\shop\target\classes\wl\dao\SServiceMapper.class], file [D:\git\shop\shop\target\classes\wl\dao\SShopMapper.class], file [D:\git\shop\shop\target\classes\wl\dao\SUserApplyMapper.class], file [D:\git\shop\shop\target\classes\wl\dao\SUserMapper.class], file [D:\git\shop\shop\target\classes\wl\dao\SUserPlaneMapper.class]]
[DEBUG][2016-07-21 13:52:51,483][org.mybatis.spring.mapper.ClassPathMapperScanner]Identified candidate component class: file [D:\git\shop\shop\target\classes\wl\dao\SBossMapper.class]
[DEBUG][2016-07-21 13:52:51,491][org.mybatis.spring.mapper.ClassPathMapperScanner]Identified candidate component class: file [D:\git\shop\shop\target\classes\wl\dao\SCardMapper.class]
[DEBUG][2016-07-21 13:52:51,493][org.mybatis.spring.mapper.ClassPathMapperScanner]Identified candidate component class: file [D:\git\shop\shop\target\classes\wl\dao\SCustomerChildrenMapper.class]
[DEBUG][2016-07-21 13:52:51,494][org.mybatis.spring.mapper.ClassPathMapperScanner]Identified candidate component class: file [D:\git\shop\shop\target\classes\wl\dao\SCustomerMapper.class]
[DEBUG][2016-07-21 13:52:51,495][org.mybatis.spring.mapper.ClassPathMapperScanner]Identified candidate component class: file [D:\git\shop\shop\target\classes\wl\dao\SInvitationCodeMapper.class]
[DEBUG][2016-07-21 13:52:51,496][org.mybatis.spring.mapper.ClassPathMapperScanner]Identified candidate component class: file [D:\git\shop\shop\target\classes\wl\dao\SMemberMapper.class]
[DEBUG][2016-07-21 13:52:51,496][org.mybatis.spring.mapper.ClassPathMapperScanner]Identified candidate component class: file [D:\git\shop\shop\target\classes\wl\dao\SOrderMapper.class]
[DEBUG][2016-07-21 13:52:51,498][org.mybatis.spring.mapper.ClassPathMapperScanner]Identified candidate component class: file [D:\git\shop\shop\target\classes\wl\dao\SOrderServiceMapper.class]
[DEBUG][2016-07-21 13:52:51,498][org.mybatis.spring.mapper.ClassPathMapperScanner]Identified candidate component class: file [D:\git\shop\shop\target\classes\wl\dao\SRoleMapper.class]
[DEBUG][2016-07-21 13:52:51,499][org.mybatis.spring.mapper.ClassPathMapperScanner]Identified candidate component class: file [D:\git\shop\shop\target\classes\wl\dao\SServiceMapper.class]
[DEBUG][2016-07-21 13:52:51,500][org.mybatis.spring.mapper.ClassPathMapperScanner]Identified candidate component class: file [D:\git\shop\shop\target\classes\wl\dao\SShopMapper.class]
[DEBUG][2016-07-21 13:52:51,501][org.mybatis.spring.mapper.ClassPathMapperScanner]Identified candidate component class: file [D:\git\shop\shop\target\classes\wl\dao\SUserApplyMapper.class]
[DEBUG][2016-07-21 13:52:51,502][org.mybatis.spring.mapper.ClassPathMapperScanner]Identified candidate component class: file [D:\git\shop\shop\target\classes\wl\dao\SUserMapper.class]
[DEBUG][2016-07-21 13:52:51,503][org.mybatis.spring.mapper.ClassPathMapperScanner]Identified candidate component class: file [D:\git\shop\shop\target\classes\wl\dao\SUserPlaneMapper.class]
[DEBUG][2016-07-21 13:52:51,505][org.mybatis.spring.mapper.ClassPathMapperScanner]Creating MapperFactoryBean with name 'SBossMapper' and 'wl.dao.SBossMapper' mapperInterface
[DEBUG][2016-07-21 13:52:51,507][org.mybatis.spring.mapper.ClassPathMapperScanner]Creating MapperFactoryBean with name 'SCardMapper' and 'wl.dao.SCardMapper' mapperInterface
[DEBUG][2016-07-21 13:52:51,509][org.mybatis.spring.mapper.ClassPathMapperScanner]Creating MapperFactoryBean with name 'SCustomerChildrenMapper' and 'wl.dao.SCustomerChildrenMapper' mapperInterface
[DEBUG][2016-07-21 13:52:51,510][org.mybatis.spring.mapper.ClassPathMapperScanner]Creating MapperFactoryBean with name 'SCustomerMapper' and 'wl.dao.SCustomerMapper' mapperInterface
[DEBUG][2016-07-21 13:52:51,510][org.mybatis.spring.mapper.ClassPathMapperScanner]Creating MapperFactoryBean with name 'SInvitationCodeMapper' and 'wl.dao.SInvitationCodeMapper' mapperInterface
[DEBUG][2016-07-21 13:52:51,511][org.mybatis.spring.mapper.ClassPathMapperScanner]Creating MapperFactoryBean with name 'SMemberMapper' and 'wl.dao.SMemberMapper' mapperInterface
[DEBUG][2016-07-21 13:52:51,511][org.mybatis.spring.mapper.ClassPathMapperScanner]Creating MapperFactoryBean with name 'SOrderMapper' and 'wl.dao.SOrderMapper' mapperInterface
[DEBUG][2016-07-21 13:52:51,511][org.mybatis.spring.mapper.ClassPathMapperScanner]Creating MapperFactoryBean with name 'SOrderServiceMapper' and 'wl.dao.SOrderServiceMapper' mapperInterface
[DEBUG][2016-07-21 13:52:51,511][org.mybatis.spring.mapper.ClassPathMapperScanner]Creating MapperFactoryBean with name 'SRoleMapper' and 'wl.dao.SRoleMapper' mapperInterface
[DEBUG][2016-07-21 13:52:51,512][org.mybatis.spring.mapper.ClassPathMapperScanner]Creating MapperFactoryBean with name 'SServiceMapper' and 'wl.dao.SServiceMapper' mapperInterface
[DEBUG][2016-07-21 13:52:51,512][org.mybatis.spring.mapper.ClassPathMapperScanner]Creating MapperFactoryBean with name 'SShopMapper' and 'wl.dao.SShopMapper' mapperInterface
[DEBUG][2016-07-21 13:52:51,512][org.mybatis.spring.mapper.ClassPathMapperScanner]Creating MapperFactoryBean with name 'SUserApplyMapper' and 'wl.dao.SUserApplyMapper' mapperInterface
[DEBUG][2016-07-21 13:52:51,512][org.mybatis.spring.mapper.ClassPathMapperScanner]Creating MapperFactoryBean with name 'SUserMapper' and 'wl.dao.SUserMapper' mapperInterface
[DEBUG][2016-07-21 13:52:51,512][org.mybatis.spring.mapper.ClassPathMapperScanner]Creating MapperFactoryBean with name 'SUserPlaneMapper' and 'wl.dao.SUserPlaneMapper' mapperInterface
[DEBUG][2016-07-21 13:52:51,517][org.springframework.beans.factory.support.DefaultListableBeanFactory]Creating shared instance of singleton bean 'propertyConfigurer'
[DEBUG][2016-07-21 13:52:51,517][org.springframework.beans.factory.support.DefaultListableBeanFactory]Creating instance of bean 'propertyConfigurer'
[DEBUG][2016-07-21 13:52:51,522][org.springframework.beans.factory.support.DefaultListableBeanFactory]Eagerly caching bean 'propertyConfigurer' to allow for resolving potential circular references
[DEBUG][2016-07-21 13:52:51,550][org.springframework.beans.factory.support.DefaultListableBeanFactory]Finished creating instance of bean 'propertyConfigurer'
[INFO][2016-07-21 13:52:51,551][org.springframework.beans.factory.config.PropertyPlaceholderConfigurer]Loading properties file from class path resource [jdbc.properties]
[DEBUG][2016-07-21 13:52:51,565][org.springframework.beans.factory.support.DefaultListableBeanFactory]Creating shared instance of singleton bean 'org.springframework.context.annotation.internalAutowiredAnnotationProcessor'
[DEBUG][2016-07-21 13:52:51,566][org.springframework.beans.factory.support.DefaultListableBeanFactory]Creating instance of bean 'org.springframework.context.annotation.internalAutowiredAnnotationProcessor'
[INFO][2016-07-21 13:52:51,567][org.springframework.beans.factory.annotation.AutowiredAnnotationBeanPostProcessor]JSR-330 'javax.inject.Inject' annotation found and supported for autowiring
[DEBUG][2016-07-21 13:52:51,568][org.springframework.beans.factory.support.DefaultListableBeanFactory]Eagerly caching bean 'org.springframework.context.annotation.internalAutowiredAnnotationProcessor' to allow for resolving potential circular references
[DEBUG][2016-07-21 13:52:51,568][org.springframework.beans.factory.support.DefaultListableBeanFactory]Finished creating instance of bean 'org.springframework.context.annotation.internalAutowiredAnnotationProcessor'
[DEBUG][2016-07-21 13:52:51,568][org.springframework.beans.factory.support.DefaultListableBeanFactory]Creating shared instance of singleton bean 'org.springframework.context.annotation.internalRequiredAnnotationProcessor'
[DEBUG][2016-07-21 13:52:51,569][org.springframework.beans.factory.support.DefaultListableBeanFactory]Creating instance of bean 'org.springframework.context.annotation.internalRequiredAnnotationProcessor'
[DEBUG][2016-07-21 13:52:51,571][org.springframework.beans.factory.support.DefaultListableBeanFactory]Eagerly caching bean 'org.springframework.context.annotation.internalRequiredAnnotationProcessor' to allow for resolving potential circular references
[DEBUG][2016-07-21 13:52:51,571][org.springframework.beans.factory.support.DefaultListableBeanFactory]Finished creating instance of bean 'org.springframework.context.annotation.internalRequiredAnnotationProcessor'
[DEBUG][2016-07-21 13:52:51,572][org.springframework.beans.factory.support.DefaultListableBeanFactory]Creating shared instance of singleton bean 'org.springframework.context.annotation.internalCommonAnnotationProcessor'
[DEBUG][2016-07-21 13:52:51,572][org.springframework.beans.factory.support.DefaultListableBeanFactory]Creating instance of bean 'org.springframework.context.annotation.internalCommonAnnotationProcessor'
[DEBUG][2016-07-21 13:52:51,583][org.springframework.beans.factory.support.DefaultListableBeanFactory]Eagerly caching bean 'org.springframework.context.annotation.internalCommonAnnotationProcessor' to allow for resolving potential circular references
[DEBUG][2016-07-21 13:52:51,583][org.springframework.beans.factory.support.DefaultListableBeanFactory]Finished creating instance of bean 'org.springframework.context.annotation.internalCommonAnnotationProcessor'
[DEBUG][2016-07-21 13:52:51,584][org.springframework.beans.factory.support.DefaultListableBeanFactory]Creating shared instance of singleton bean 'org.springframework.context.annotation.ConfigurationClassPostProcessor$ImportAwareBeanPostProcessor#0'
[DEBUG][2016-07-21 13:52:51,584][org.springframework.beans.factory.support.DefaultListableBeanFactory]Creating instance of bean 'org.springframework.context.annotation.ConfigurationClassPostProcessor$ImportAwareBeanPostProcessor#0'
[DEBUG][2016-07-21 13:52:51,584][org.springframework.beans.factory.support.DefaultListableBeanFactory]Eagerly caching bean 'org.springframework.context.annotation.ConfigurationClassPostProcessor$ImportAwareBeanPostProcessor#0' to allow for resolving potential circular references
[DEBUG][2016-07-21 13:52:51,585][org.springframework.beans.factory.support.DefaultListableBeanFactory]Finished creating instance of bean 'org.springframework.context.annotation.ConfigurationClassPostProcessor$ImportAwareBeanPostProcessor#0'
[DEBUG][2016-07-21 13:52:51,590][org.springframework.context.support.GenericApplicationContext]Unable to locate MessageSource with name 'messageSource': using default [org.springframework.context.support.DelegatingMessageSource@2890c451]
[DEBUG][2016-07-21 13:52:51,631][org.springframework.context.support.GenericApplicationContext]Unable to locate ApplicationEventMulticaster with name 'applicationEventMulticaster': using default [org.springframework.context.event.SimpleApplicationEventMulticaster@75c072cb]
[INFO][2016-07-21 13:52:51,640][org.springframework.beans.factory.support.DefaultListableBeanFactory]Pre-instantiating singletons in org.springframework.beans.factory.support.DefaultListableBeanFactory@ed9d034: defining beans [bossService,scustomer,orderService,srole,sservice,sshop,sUserApply,suserplane,suser,org.springframework.context.annotation.internalConfigurationAnnotationProcessor,org.springframework.context.annotation.internalAutowiredAnnotationProcessor,org.springframework.context.annotation.internalRequiredAnnotationProcessor,org.springframework.context.annotation.internalCommonAnnotationProcessor,propertyConfigurer,dataSource,sqlSessionFactory,org.mybatis.spring.mapper.MapperScannerConfigurer#0,transactionManager,org.springframework.context.annotation.ConfigurationClassPostProcessor$ImportAwareBeanPostProcessor#0,SBossMapper,SCardMapper,SCustomerChildrenMapper,SCustomerMapper,SInvitationCodeMapper,SMemberMapper,SOrderMapper,SOrderServiceMapper,SRoleMapper,SServiceMapper,SShopMapper,SUserApplyMapper,SUserMapper,SUserPlaneMapper]; root of factory hierarchy
[DEBUG][2016-07-21 13:52:51,641][org.springframework.beans.factory.support.DefaultListableBeanFactory]Creating shared instance of singleton bean 'bossService'
[DEBUG][2016-07-21 13:52:51,641][org.springframework.beans.factory.support.DefaultListableBeanFactory]Creating instance of bean 'bossService'
[DEBUG][2016-07-21 13:52:51,654][org.springframework.beans.factory.annotation.InjectionMetadata]Found injected element on class [wl.service.impl.BossServiceImpl]: ResourceElement for private wl.dao.SBossMapper wl.service.impl.BossServiceImpl.bossDao
[DEBUG][2016-07-21 13:52:51,654][org.springframework.beans.factory.annotation.InjectionMetadata]Found injected element on class [wl.service.impl.BossServiceImpl]: ResourceElement for private wl.dao.SInvitationCodeMapper wl.service.impl.BossServiceImpl.codeDao
[DEBUG][2016-07-21 13:52:51,655][org.springframework.beans.factory.support.DefaultListableBeanFactory]Eagerly caching bean 'bossService' to allow for resolving potential circular references
[DEBUG][2016-07-21 13:52:51,661][org.springframework.beans.factory.annotation.InjectionMetadata]Processing injected method of bean 'bossService': ResourceElement for private wl.dao.SBossMapper wl.service.impl.BossServiceImpl.bossDao
[DEBUG][2016-07-21 13:52:51,719][org.apache.ibatis.logging.LogFactory]Logging initialized using 'class org.apache.ibatis.logging.slf4j.Slf4jImpl' adapter.
[DEBUG][2016-07-21 13:52:51,729][org.springframework.beans.factory.support.DefaultListableBeanFactory]Creating shared instance of singleton bean 'SBossMapper'
[DEBUG][2016-07-21 13:52:51,729][org.springframework.beans.factory.support.DefaultListableBeanFactory]Creating instance of bean 'SBossMapper'
[DEBUG][2016-07-21 13:52:51,733][org.springframework.beans.factory.support.DefaultListableBeanFactory]Eagerly caching bean 'SBossMapper' to allow for resolving potential circular references
[DEBUG][2016-07-21 13:52:51,756][org.springframework.beans.factory.support.DefaultListableBeanFactory]Creating shared instance of singleton bean 'sqlSessionFactory'
[DEBUG][2016-07-21 13:52:51,756][org.springframework.beans.factory.support.DefaultListableBeanFactory]Creating instance of bean 'sqlSessionFactory'
[DEBUG][2016-07-21 13:52:51,781][org.springframework.beans.factory.support.DefaultListableBeanFactory]Eagerly caching bean 'sqlSessionFactory' to allow for resolving potential circular references
[DEBUG][2016-07-21 13:52:51,828][org.springframework.beans.factory.support.DefaultListableBeanFactory]Creating shared instance of singleton bean 'dataSource'
[DEBUG][2016-07-21 13:52:51,828][org.springframework.beans.factory.support.DefaultListableBeanFactory]Creating instance of bean 'dataSource'
[DEBUG][2016-07-21 13:52:51,955][org.springframework.beans.factory.support.DefaultListableBeanFactory]Eagerly caching bean 'dataSource' to allow for resolving potential circular references
[DEBUG][2016-07-21 13:52:52,552][org.springframework.core.env.StandardEnvironment]Initializing new StandardEnvironment
[DEBUG][2016-07-21 13:52:52,558][org.springframework.core.env.StandardEnvironment]Adding [systemProperties] PropertySource with lowest search precedence
[DEBUG][2016-07-21 13:52:52,558][org.springframework.core.env.StandardEnvironment]Adding [systemEnvironment] PropertySource with lowest search precedence
[DEBUG][2016-07-21 13:52:52,559][org.springframework.core.env.StandardEnvironment]Initialized StandardEnvironment with PropertySources [systemProperties,systemEnvironment]
[DEBUG][2016-07-21 13:52:52,560][org.springframework.core.env.StandardEnvironment]Initializing new StandardEnvironment
[DEBUG][2016-07-21 13:52:52,561][org.springframework.core.env.StandardEnvironment]Adding [systemProperties] PropertySource with lowest search precedence
[DEBUG][2016-07-21 13:52:52,561][org.springframework.core.env.StandardEnvironment]Adding [systemEnvironment] PropertySource with lowest search precedence
[DEBUG][2016-07-21 13:52:52,562][org.springframework.core.env.StandardEnvironment]Initialized StandardEnvironment with PropertySources [systemProperties,systemEnvironment]
[DEBUG][2016-07-21 13:52:52,563][org.springframework.core.env.StandardEnvironment]Initializing new StandardEnvironment
[DEBUG][2016-07-21 13:52:52,564][org.springframework.core.env.StandardEnvironment]Adding [systemProperties] PropertySource with lowest search precedence
[DEBUG][2016-07-21 13:52:52,566][org.springframework.core.env.StandardEnvironment]Adding [systemEnvironment] PropertySource with lowest search precedence
[DEBUG][2016-07-21 13:52:52,566][org.springframework.core.env.StandardEnvironment]Initialized StandardEnvironment with PropertySources [systemProperties,systemEnvironment]
[DEBUG][2016-07-21 13:52:52,569][org.springframework.core.env.StandardEnvironment]Initializing new StandardEnvironment
[DEBUG][2016-07-21 13:52:52,571][org.springframework.core.env.StandardEnvironment]Adding [systemProperties] PropertySource with lowest search precedence
[DEBUG][2016-07-21 13:52:52,572][org.springframework.core.env.StandardEnvironment]Adding [systemEnvironment] PropertySource with lowest search precedence
[DEBUG][2016-07-21 13:52:52,573][org.springframework.core.env.StandardEnvironment]Initialized StandardEnvironment with PropertySources [systemProperties,systemEnvironment]
[DEBUG][2016-07-21 13:52:52,577][org.springframework.core.env.StandardEnvironment]Initializing new StandardEnvironment
[DEBUG][2016-07-21 13:52:52,579][org.springframework.core.env.StandardEnvironment]Adding [systemProperties] PropertySource with lowest search precedence
[DEBUG][2016-07-21 13:52:52,580][org.springframework.core.env.StandardEnvironment]Adding [systemEnvironment] PropertySource with lowest search precedence
[DEBUG][2016-07-21 13:52:52,580][org.springframework.core.env.StandardEnvironment]Initialized StandardEnvironment with PropertySources [systemProperties,systemEnvironment]
[ERROR][2016-07-21 13:52:52,598][com.alibaba.druid.pool.DruidAbstractDataSource]maxIdle is deprecated
[DEBUG][2016-07-21 13:52:52,721][org.springframework.beans.factory.support.DefaultListableBeanFactory]Invoking init method  'init' on bean with name 'dataSource'
[INFO][2016-07-21 13:52:52,969][com.alibaba.druid.pool.DruidDataSource]{dataSource-1} inited
[DEBUG][2016-07-21 13:52:52,971][org.springframework.beans.factory.support.DefaultListableBeanFactory]Finished creating instance of bean 'dataSource'
[DEBUG][2016-07-21 13:52:52,972][org.springframework.core.io.support.PathMatchingResourcePatternResolver]Looking for matching resources in directory tree [D:\git\shop\shop\target\classes\wl\mapping]
[DEBUG][2016-07-21 13:52:52,973][org.springframework.core.io.support.PathMatchingResourcePatternResolver]Searching directory [D:\git\shop\shop\target\classes\wl\mapping] for files matching pattern [D:/git/shop/shop/target/classes/wl/mapping/*.xml]
[DEBUG][2016-07-21 13:52:52,980][org.springframework.core.io.support.PathMatchingResourcePatternResolver]Resolved location pattern [classpath:wl/mapping/*.xml] to resources [file [D:\git\shop\shop\target\classes\wl\mapping\SBossMapper.xml], file [D:\git\shop\shop\target\classes\wl\mapping\SCardMapper.xml], file [D:\git\shop\shop\target\classes\wl\mapping\SCustomerChildrenMapper.xml], file [D:\git\shop\shop\target\classes\wl\mapping\SCustomerMapper.xml], file [D:\git\shop\shop\target\classes\wl\mapping\SInvitationCodeMapper.xml], file [D:\git\shop\shop\target\classes\wl\mapping\SMemberMapper.xml], file [D:\git\shop\shop\target\classes\wl\mapping\SOrderMapper.xml], file [D:\git\shop\shop\target\classes\wl\mapping\SOrderServiceMapper.xml], file [D:\git\shop\shop\target\classes\wl\mapping\SRoleMapper.xml], file [D:\git\shop\shop\target\classes\wl\mapping\SServiceMapper.xml], file [D:\git\shop\shop\target\classes\wl\mapping\SShopMapper.xml], file [D:\git\shop\shop\target\classes\wl\mapping\SUserApplyMapper.xml], file [D:\git\shop\shop\target\classes\wl\mapping\SUserMapper.xml], file [D:\git\shop\shop\target\classes\wl\mapping\SUserPlaneMapper.xml]]
[DEBUG][2016-07-21 13:52:52,982][org.springframework.beans.factory.support.DefaultListableBeanFactory]Creating instance of bean 'com.github.pagehelper.PageHelper#63440df3'
[DEBUG][2016-07-21 13:52:53,007][org.springframework.core.env.StandardEnvironment]Initializing new StandardEnvironment
[DEBUG][2016-07-21 13:52:53,008][org.springframework.core.env.StandardEnvironment]Adding [systemProperties] PropertySource with lowest search precedence
[DEBUG][2016-07-21 13:52:53,009][org.springframework.core.env.StandardEnvironment]Adding [systemEnvironment] PropertySource with lowest search precedence
[DEBUG][2016-07-21 13:52:53,009][org.springframework.core.env.StandardEnvironment]Initialized StandardEnvironment with PropertySources [systemProperties,systemEnvironment]
[DEBUG][2016-07-21 13:52:53,010][org.springframework.core.env.StandardEnvironment]Initializing new StandardEnvironment
[DEBUG][2016-07-21 13:52:53,011][org.springframework.core.env.StandardEnvironment]Adding [systemProperties] PropertySource with lowest search precedence
[DEBUG][2016-07-21 13:52:53,011][org.springframework.core.env.StandardEnvironment]Adding [systemEnvironment] PropertySource with lowest search precedence
[DEBUG][2016-07-21 13:52:53,012][org.springframework.core.env.StandardEnvironment]Initialized StandardEnvironment with PropertySources [systemProperties,systemEnvironment]
[DEBUG][2016-07-21 13:52:53,012][org.springframework.core.env.StandardEnvironment]Initializing new StandardEnvironment
[DEBUG][2016-07-21 13:52:53,013][org.springframework.core.env.StandardEnvironment]Adding [systemProperties] PropertySource with lowest search precedence
[DEBUG][2016-07-21 13:52:53,013][org.springframework.core.env.StandardEnvironment]Adding [systemEnvironment] PropertySource with lowest search precedence
[DEBUG][2016-07-21 13:52:53,013][org.springframework.core.env.StandardEnvironment]Initialized StandardEnvironment with PropertySources [systemProperties,systemEnvironment]
[DEBUG][2016-07-21 13:52:53,014][org.springframework.core.env.StandardEnvironment]Initializing new StandardEnvironment
[DEBUG][2016-07-21 13:52:53,015][org.springframework.core.env.StandardEnvironment]Adding [systemProperties] PropertySource with lowest search precedence
[DEBUG][2016-07-21 13:52:53,016][org.springframework.core.env.StandardEnvironment]Adding [systemEnvironment] PropertySource with lowest search precedence
[DEBUG][2016-07-21 13:52:53,016][org.springframework.core.env.StandardEnvironment]Initialized StandardEnvironment with PropertySources [systemProperties,systemEnvironment]
[DEBUG][2016-07-21 13:52:53,020][org.springframework.core.env.StandardEnvironment]Initializing new StandardEnvironment
[DEBUG][2016-07-21 13:52:53,021][org.springframework.core.env.StandardEnvironment]Adding [systemProperties] PropertySource with lowest search precedence
[DEBUG][2016-07-21 13:52:53,021][org.springframework.core.env.StandardEnvironment]Adding [systemEnvironment] PropertySource with lowest search precedence
[DEBUG][2016-07-21 13:52:53,021][org.springframework.core.env.StandardEnvironment]Initialized StandardEnvironment with PropertySources [systemProperties,systemEnvironment]
[DEBUG][2016-07-21 13:52:53,084][org.springframework.beans.factory.support.DefaultListableBeanFactory]Finished creating instance of bean 'com.github.pagehelper.PageHelper#63440df3'
[DEBUG][2016-07-21 13:52:53,085][org.springframework.core.env.StandardEnvironment]Initializing new StandardEnvironment
[DEBUG][2016-07-21 13:52:53,086][org.springframework.core.env.StandardEnvironment]Adding [systemProperties] PropertySource with lowest search precedence
[DEBUG][2016-07-21 13:52:53,087][org.springframework.core.env.StandardEnvironment]Adding [systemEnvironment] PropertySource with lowest search precedence
[DEBUG][2016-07-21 13:52:53,087][org.springframework.core.env.StandardEnvironment]Initialized StandardEnvironment with PropertySources [systemProperties,systemEnvironment]
[DEBUG][2016-07-21 13:52:53,088][org.springframework.core.env.StandardEnvironment]Initializing new StandardEnvironment
[DEBUG][2016-07-21 13:52:53,091][org.springframework.core.env.StandardEnvironment]Adding [systemProperties] PropertySource with lowest search precedence
[DEBUG][2016-07-21 13:52:53,092][org.springframework.core.env.StandardEnvironment]Adding [systemEnvironment] PropertySource with lowest search precedence
[DEBUG][2016-07-21 13:52:53,092][org.springframework.core.env.StandardEnvironment]Initialized StandardEnvironment with PropertySources [systemProperties,systemEnvironment]
[DEBUG][2016-07-21 13:52:53,093][org.springframework.core.env.StandardEnvironment]Initializing new StandardEnvironment
[DEBUG][2016-07-21 13:52:53,094][org.springframework.core.env.StandardEnvironment]Adding [systemProperties] PropertySource with lowest search precedence
[DEBUG][2016-07-21 13:52:53,096][org.springframework.core.env.StandardEnvironment]Adding [systemEnvironment] PropertySource with lowest search precedence
[DEBUG][2016-07-21 13:52:53,097][org.springframework.core.env.StandardEnvironment]Initialized StandardEnvironment with PropertySources [systemProperties,systemEnvironment]
[DEBUG][2016-07-21 13:52:53,097][org.springframework.core.env.StandardEnvironment]Initializing new StandardEnvironment
[DEBUG][2016-07-21 13:52:53,098][org.springframework.core.env.StandardEnvironment]Adding [systemProperties] PropertySource with lowest search precedence
[DEBUG][2016-07-21 13:52:53,098][org.springframework.core.env.StandardEnvironment]Adding [systemEnvironment] PropertySource with lowest search precedence
[DEBUG][2016-07-21 13:52:53,099][org.springframework.core.env.StandardEnvironment]Initialized StandardEnvironment with PropertySources [systemProperties,systemEnvironment]
[DEBUG][2016-07-21 13:52:53,100][org.springframework.core.env.StandardEnvironment]Initializing new StandardEnvironment
[DEBUG][2016-07-21 13:52:53,104][org.springframework.core.env.StandardEnvironment]Adding [systemProperties] PropertySource with lowest search precedence
[DEBUG][2016-07-21 13:52:53,104][org.springframework.core.env.StandardEnvironment]Adding [systemEnvironment] PropertySource with lowest search precedence
[DEBUG][2016-07-21 13:52:53,105][org.springframework.core.env.StandardEnvironment]Initialized StandardEnvironment with PropertySources [systemProperties,systemEnvironment]
[DEBUG][2016-07-21 13:52:53,127][org.springframework.beans.factory.support.DefaultListableBeanFactory]Invoking afterPropertiesSet() on bean with name 'sqlSessionFactory'
[DEBUG][2016-07-21 13:52:53,127][org.mybatis.spring.SqlSessionFactoryBean]Property 'configLocation' not specified, using default MyBatis Configuration
[DEBUG][2016-07-21 13:52:53,273][org.mybatis.spring.SqlSessionFactoryBean]Registered plugin: 'com.github.pagehelper.PageHelper@79d8407f'
[DEBUG][2016-07-21 13:52:53,587][org.mybatis.spring.SqlSessionFactoryBean]Parsed mapper file: 'file [D:\git\shop\shop\target\classes\wl\mapping\SBossMapper.xml]'
[DEBUG][2016-07-21 13:52:53,667][org.mybatis.spring.SqlSessionFactoryBean]Parsed mapper file: 'file [D:\git\shop\shop\target\classes\wl\mapping\SCardMapper.xml]'
[DEBUG][2016-07-21 13:52:53,766][org.mybatis.spring.SqlSessionFactoryBean]Parsed mapper file: 'file [D:\git\shop\shop\target\classes\wl\mapping\SCustomerChildrenMapper.xml]'
[DEBUG][2016-07-21 13:52:53,899][org.mybatis.spring.SqlSessionFactoryBean]Parsed mapper file: 'file [D:\git\shop\shop\target\classes\wl\mapping\SCustomerMapper.xml]'
[DEBUG][2016-07-21 13:52:53,968][org.mybatis.spring.SqlSessionFactoryBean]Parsed mapper file: 'file [D:\git\shop\shop\target\classes\wl\mapping\SInvitationCodeMapper.xml]'
[DEBUG][2016-07-21 13:52:54,031][org.mybatis.spring.SqlSessionFactoryBean]Parsed mapper file: 'file [D:\git\shop\shop\target\classes\wl\mapping\SMemberMapper.xml]'
[DEBUG][2016-07-21 13:52:54,161][org.mybatis.spring.SqlSessionFactoryBean]Parsed mapper file: 'file [D:\git\shop\shop\target\classes\wl\mapping\SOrderMapper.xml]'
[DEBUG][2016-07-21 13:52:54,242][org.mybatis.spring.SqlSessionFactoryBean]Parsed mapper file: 'file [D:\git\shop\shop\target\classes\wl\mapping\SOrderServiceMapper.xml]'
[DEBUG][2016-07-21 13:52:54,289][org.mybatis.spring.SqlSessionFactoryBean]Parsed mapper file: 'file [D:\git\shop\shop\target\classes\wl\mapping\SRoleMapper.xml]'
[DEBUG][2016-07-21 13:52:54,341][org.mybatis.spring.SqlSessionFactoryBean]Parsed mapper file: 'file [D:\git\shop\shop\target\classes\wl\mapping\SServiceMapper.xml]'
[DEBUG][2016-07-21 13:52:54,403][org.mybatis.spring.SqlSessionFactoryBean]Parsed mapper file: 'file [D:\git\shop\shop\target\classes\wl\mapping\SShopMapper.xml]'
[DEBUG][2016-07-21 13:52:54,463][org.mybatis.spring.SqlSessionFactoryBean]Parsed mapper file: 'file [D:\git\shop\shop\target\classes\wl\mapping\SUserApplyMapper.xml]'
[DEBUG][2016-07-21 13:52:54,624][org.mybatis.spring.SqlSessionFactoryBean]Parsed mapper file: 'file [D:\git\shop\shop\target\classes\wl\mapping\SUserMapper.xml]'
[DEBUG][2016-07-21 13:52:54,711][org.mybatis.spring.SqlSessionFactoryBean]Parsed mapper file: 'file [D:\git\shop\shop\target\classes\wl\mapping\SUserPlaneMapper.xml]'
[DEBUG][2016-07-21 13:52:54,713][org.springframework.beans.factory.support.DefaultListableBeanFactory]Finished creating instance of bean 'sqlSessionFactory'
[DEBUG][2016-07-21 13:52:54,792][org.springframework.beans.factory.support.DefaultListableBeanFactory]Invoking afterPropertiesSet() on bean with name 'SBossMapper'
[DEBUG][2016-07-21 13:52:54,793][org.springframework.beans.factory.support.DefaultListableBeanFactory]Finished creating instance of bean 'SBossMapper'
[DEBUG][2016-07-21 13:52:54,794][org.springframework.beans.factory.support.DefaultListableBeanFactory]Creating shared instance of singleton bean 'SCardMapper'
[DEBUG][2016-07-21 13:52:54,794][org.springframework.beans.factory.support.DefaultListableBeanFactory]Creating instance of bean 'SCardMapper'
[DEBUG][2016-07-21 13:52:54,794][org.springframework.beans.factory.support.DefaultListableBeanFactory]Eagerly caching bean 'SCardMapper' to allow for resolving potential circular references
[DEBUG][2016-07-21 13:52:54,795][org.springframework.beans.factory.support.DefaultListableBeanFactory]Returning cached instance of singleton bean 'sqlSessionFactory'
[DEBUG][2016-07-21 13:52:54,796][org.springframework.beans.factory.support.DefaultListableBeanFactory]Invoking afterPropertiesSet() on bean with name 'SCardMapper'
[DEBUG][2016-07-21 13:52:54,796][org.springframework.beans.factory.support.DefaultListableBeanFactory]Finished creating instance of bean 'SCardMapper'
[DEBUG][2016-07-21 13:52:54,797][org.springframework.beans.factory.support.DefaultListableBeanFactory]Creating shared instance of singleton bean 'SCustomerChildrenMapper'
[DEBUG][2016-07-21 13:52:54,797][org.springframework.beans.factory.support.DefaultListableBeanFactory]Creating instance of bean 'SCustomerChildrenMapper'
[DEBUG][2016-07-21 13:52:54,798][org.springframework.beans.factory.support.DefaultListableBeanFactory]Eagerly caching bean 'SCustomerChildrenMapper' to allow for resolving potential circular references
[DEBUG][2016-07-21 13:52:54,800][org.springframework.beans.factory.support.DefaultListableBeanFactory]Returning cached instance of singleton bean 'sqlSessionFactory'
[DEBUG][2016-07-21 13:52:54,802][org.springframework.beans.factory.support.DefaultListableBeanFactory]Invoking afterPropertiesSet() on bean with name 'SCustomerChildrenMapper'
[DEBUG][2016-07-21 13:52:54,802][org.springframework.beans.factory.support.DefaultListableBeanFactory]Finished creating instance of bean 'SCustomerChildrenMapper'
[DEBUG][2016-07-21 13:52:54,802][org.springframework.beans.factory.support.DefaultListableBeanFactory]Creating shared instance of singleton bean 'SCustomerMapper'
[DEBUG][2016-07-21 13:52:54,803][org.springframework.beans.factory.support.DefaultListableBeanFactory]Creating instance of bean 'SCustomerMapper'
[DEBUG][2016-07-21 13:52:54,803][org.springframework.beans.factory.support.DefaultListableBeanFactory]Eagerly caching bean 'SCustomerMapper' to allow for resolving potential circular references
[DEBUG][2016-07-21 13:52:54,803][org.springframework.beans.factory.support.DefaultListableBeanFactory]Returning cached instance of singleton bean 'sqlSessionFactory'
[DEBUG][2016-07-21 13:52:54,809][org.springframework.beans.factory.support.DefaultListableBeanFactory]Invoking afterPropertiesSet() on bean with name 'SCustomerMapper'
[DEBUG][2016-07-21 13:52:54,810][org.springframework.beans.factory.support.DefaultListableBeanFactory]Finished creating instance of bean 'SCustomerMapper'
[DEBUG][2016-07-21 13:52:54,810][org.springframework.beans.factory.support.DefaultListableBeanFactory]Creating shared instance of singleton bean 'SInvitationCodeMapper'
[DEBUG][2016-07-21 13:52:54,811][org.springframework.beans.factory.support.DefaultListableBeanFactory]Creating instance of bean 'SInvitationCodeMapper'
[DEBUG][2016-07-21 13:52:54,811][org.springframework.beans.factory.support.DefaultListableBeanFactory]Eagerly caching bean 'SInvitationCodeMapper' to allow for resolving potential circular references
[DEBUG][2016-07-21 13:52:54,812][org.springframework.beans.factory.support.DefaultListableBeanFactory]Returning cached instance of singleton bean 'sqlSessionFactory'
[DEBUG][2016-07-21 13:52:54,813][org.springframework.beans.factory.support.DefaultListableBeanFactory]Invoking afterPropertiesSet() on bean with name 'SInvitationCodeMapper'
[DEBUG][2016-07-21 13:52:54,813][org.springframework.beans.factory.support.DefaultListableBeanFactory]Finished creating instance of bean 'SInvitationCodeMapper'
[DEBUG][2016-07-21 13:52:54,814][org.springframework.beans.factory.support.DefaultListableBeanFactory]Creating shared instance of singleton bean 'SMemberMapper'
[DEBUG][2016-07-21 13:52:54,814][org.springframework.beans.factory.support.DefaultListableBeanFactory]Creating instance of bean 'SMemberMapper'
[DEBUG][2016-07-21 13:52:54,814][org.springframework.beans.factory.support.DefaultListableBeanFactory]Eagerly caching bean 'SMemberMapper' to allow for resolving potential circular references
[DEBUG][2016-07-21 13:52:54,816][org.springframework.beans.factory.support.DefaultListableBeanFactory]Returning cached instance of singleton bean 'sqlSessionFactory'
[DEBUG][2016-07-21 13:52:54,823][org.springframework.beans.factory.support.DefaultListableBeanFactory]Invoking afterPropertiesSet() on bean with name 'SMemberMapper'
[DEBUG][2016-07-21 13:52:54,853][org.springframework.beans.factory.support.DefaultListableBeanFactory]Finished creating instance of bean 'SMemberMapper'
[DEBUG][2016-07-21 13:52:54,854][org.springframework.beans.factory.support.DefaultListableBeanFactory]Creating shared instance of singleton bean 'SOrderMapper'
[DEBUG][2016-07-21 13:52:54,855][org.springframework.beans.factory.support.DefaultListableBeanFactory]Creating instance of bean 'SOrderMapper'
[DEBUG][2016-07-21 13:52:54,855][org.springframework.beans.factory.support.DefaultListableBeanFactory]Eagerly caching bean 'SOrderMapper' to allow for resolving potential circular references
[DEBUG][2016-07-21 13:52:54,856][org.springframework.beans.factory.support.DefaultListableBeanFactory]Returning cached instance of singleton bean 'sqlSessionFactory'
[DEBUG][2016-07-21 13:52:54,858][org.springframework.beans.factory.support.DefaultListableBeanFactory]Invoking afterPropertiesSet() on bean with name 'SOrderMapper'
[DEBUG][2016-07-21 13:52:54,859][org.springframework.beans.factory.support.DefaultListableBeanFactory]Finished creating instance of bean 'SOrderMapper'
[DEBUG][2016-07-21 13:52:54,860][org.springframework.beans.factory.support.DefaultListableBeanFactory]Creating shared instance of singleton bean 'SOrderServiceMapper'
[DEBUG][2016-07-21 13:52:54,860][org.springframework.beans.factory.support.DefaultListableBeanFactory]Creating instance of bean 'SOrderServiceMapper'
[DEBUG][2016-07-21 13:52:54,860][org.springframework.beans.factory.support.DefaultListableBeanFactory]Eagerly caching bean 'SOrderServiceMapper' to allow for resolving potential circular references
[DEBUG][2016-07-21 13:52:54,861][org.springframework.beans.factory.support.DefaultListableBeanFactory]Returning cached instance of singleton bean 'sqlSessionFactory'
[DEBUG][2016-07-21 13:52:54,861][org.springframework.beans.factory.support.DefaultListableBeanFactory]Invoking afterPropertiesSet() on bean with name 'SOrderServiceMapper'
[DEBUG][2016-07-21 13:52:54,862][org.springframework.beans.factory.support.DefaultListableBeanFactory]Finished creating instance of bean 'SOrderServiceMapper'
[DEBUG][2016-07-21 13:52:54,862][org.springframework.beans.factory.support.DefaultListableBeanFactory]Creating shared instance of singleton bean 'SRoleMapper'
[DEBUG][2016-07-21 13:52:54,862][org.springframework.beans.factory.support.DefaultListableBeanFactory]Creating instance of bean 'SRoleMapper'
[DEBUG][2016-07-21 13:52:54,862][org.springframework.beans.factory.support.DefaultListableBeanFactory]Eagerly caching bean 'SRoleMapper' to allow for resolving potential circular references
[DEBUG][2016-07-21 13:52:54,863][org.springframework.beans.factory.support.DefaultListableBeanFactory]Returning cached instance of singleton bean 'sqlSessionFactory'
[DEBUG][2016-07-21 13:52:54,864][org.springframework.beans.factory.support.DefaultListableBeanFactory]Invoking afterPropertiesSet() on bean with name 'SRoleMapper'
[DEBUG][2016-07-21 13:52:54,864][org.springframework.beans.factory.support.DefaultListableBeanFactory]Finished creating instance of bean 'SRoleMapper'
[DEBUG][2016-07-21 13:52:54,865][org.springframework.beans.factory.support.DefaultListableBeanFactory]Creating shared instance of singleton bean 'SServiceMapper'
[DEBUG][2016-07-21 13:52:54,865][org.springframework.beans.factory.support.DefaultListableBeanFactory]Creating instance of bean 'SServiceMapper'
[DEBUG][2016-07-21 13:52:54,865][org.springframework.beans.factory.support.DefaultListableBeanFactory]Eagerly caching bean 'SServiceMapper' to allow for resolving potential circular references
[DEBUG][2016-07-21 13:52:54,875][org.springframework.beans.factory.support.DefaultListableBeanFactory]Returning cached instance of singleton bean 'sqlSessionFactory'
[DEBUG][2016-07-21 13:52:54,875][org.springframework.beans.factory.support.DefaultListableBeanFactory]Invoking afterPropertiesSet() on bean with name 'SServiceMapper'
[DEBUG][2016-07-21 13:52:54,875][org.springframework.beans.factory.support.DefaultListableBeanFactory]Finished creating instance of bean 'SServiceMapper'
[DEBUG][2016-07-21 13:52:54,876][org.springframework.beans.factory.support.DefaultListableBeanFactory]Creating shared instance of singleton bean 'SShopMapper'
[DEBUG][2016-07-21 13:52:54,876][org.springframework.beans.factory.support.DefaultListableBeanFactory]Creating instance of bean 'SShopMapper'
[DEBUG][2016-07-21 13:52:54,877][org.springframework.beans.factory.support.DefaultListableBeanFactory]Eagerly caching bean 'SShopMapper' to allow for resolving potential circular references
[DEBUG][2016-07-21 13:52:54,880][org.springframework.beans.factory.support.DefaultListableBeanFactory]Returning cached instance of singleton bean 'sqlSessionFactory'
[DEBUG][2016-07-21 13:52:54,883][org.springframework.beans.factory.support.DefaultListableBeanFactory]Invoking afterPropertiesSet() on bean with name 'SShopMapper'
[DEBUG][2016-07-21 13:52:54,884][org.springframework.beans.factory.support.DefaultListableBeanFactory]Finished creating instance of bean 'SShopMapper'
[DEBUG][2016-07-21 13:52:54,884][org.springframework.beans.factory.support.DefaultListableBeanFactory]Creating shared instance of singleton bean 'SUserApplyMapper'
[DEBUG][2016-07-21 13:52:54,886][org.springframework.beans.factory.support.DefaultListableBeanFactory]Creating instance of bean 'SUserApplyMapper'
[DEBUG][2016-07-21 13:52:54,886][org.springframework.beans.factory.support.DefaultListableBeanFactory]Eagerly caching bean 'SUserApplyMapper' to allow for resolving potential circular references
[DEBUG][2016-07-21 13:52:54,888][org.springframework.beans.factory.support.DefaultListableBeanFactory]Returning cached instance of singleton bean 'sqlSessionFactory'
[DEBUG][2016-07-21 13:52:54,889][org.springframework.beans.factory.support.DefaultListableBeanFactory]Invoking afterPropertiesSet() on bean with name 'SUserApplyMapper'
[DEBUG][2016-07-21 13:52:54,889][org.springframework.beans.factory.support.DefaultListableBeanFactory]Finished creating instance of bean 'SUserApplyMapper'
[DEBUG][2016-07-21 13:52:54,901][org.springframework.beans.factory.support.DefaultListableBeanFactory]Creating shared instance of singleton bean 'SUserMapper'
[DEBUG][2016-07-21 13:52:54,902][org.springframework.beans.factory.support.DefaultListableBeanFactory]Creating instance of bean 'SUserMapper'
[DEBUG][2016-07-21 13:52:54,902][org.springframework.beans.factory.support.DefaultListableBeanFactory]Eagerly caching bean 'SUserMapper' to allow for resolving potential circular references
[DEBUG][2016-07-21 13:52:54,903][org.springframework.beans.factory.support.DefaultListableBeanFactory]Returning cached instance of singleton bean 'sqlSessionFactory'
[DEBUG][2016-07-21 13:52:54,904][org.springframework.beans.factory.support.DefaultListableBeanFactory]Invoking afterPropertiesSet() on bean with name 'SUserMapper'
[DEBUG][2016-07-21 13:52:54,904][org.springframework.beans.factory.support.DefaultListableBeanFactory]Finished creating instance of bean 'SUserMapper'
[DEBUG][2016-07-21 13:52:54,905][org.springframework.beans.factory.support.DefaultListableBeanFactory]Creating shared instance of singleton bean 'SUserPlaneMapper'
[DEBUG][2016-07-21 13:52:54,905][org.springframework.beans.factory.support.DefaultListableBeanFactory]Creating instance of bean 'SUserPlaneMapper'
[DEBUG][2016-07-21 13:52:54,906][org.springframework.beans.factory.support.DefaultListableBeanFactory]Eagerly caching bean 'SUserPlaneMapper' to allow for resolving potential circular references
[DEBUG][2016-07-21 13:52:54,906][org.springframework.beans.factory.support.DefaultListableBeanFactory]Returning cached instance of singleton bean 'sqlSessionFactory'
[DEBUG][2016-07-21 13:52:54,912][org.springframework.beans.factory.support.DefaultListableBeanFactory]Invoking afterPropertiesSet() on bean with name 'SUserPlaneMapper'
[DEBUG][2016-07-21 13:52:54,912][org.springframework.beans.factory.support.DefaultListableBeanFactory]Finished creating instance of bean 'SUserPlaneMapper'
[DEBUG][2016-07-21 13:52:54,917][org.springframework.beans.factory.support.DefaultListableBeanFactory]Returning cached instance of singleton bean 'SBossMapper'
[DEBUG][2016-07-21 13:52:54,923][org.springframework.beans.factory.annotation.InjectionMetadata]Processing injected method of bean 'bossService': ResourceElement for private wl.dao.SInvitationCodeMapper wl.service.impl.BossServiceImpl.codeDao
[DEBUG][2016-07-21 13:52:54,927][org.springframework.beans.factory.support.DefaultListableBeanFactory]Returning cached instance of singleton bean 'SInvitationCodeMapper'
[DEBUG][2016-07-21 13:52:54,936][org.springframework.beans.factory.support.DefaultListableBeanFactory]Finished creating instance of bean 'bossService'
[DEBUG][2016-07-21 13:52:54,937][org.springframework.beans.factory.support.DefaultListableBeanFactory]Creating shared instance of singleton bean 'scustomer'
[DEBUG][2016-07-21 13:52:54,937][org.springframework.beans.factory.support.DefaultListableBeanFactory]Creating instance of bean 'scustomer'
[DEBUG][2016-07-21 13:52:54,939][org.springframework.beans.factory.annotation.InjectionMetadata]Found injected element on class [wl.service.impl.SCustomerServiceImpl]: ResourceElement for private wl.dao.SCustomerMapper wl.service.impl.SCustomerServiceImpl.customerDao
[DEBUG][2016-07-21 13:52:54,940][org.springframework.beans.factory.annotation.InjectionMetadata]Found injected element on class [wl.service.impl.SCustomerServiceImpl]: ResourceElement for private wl.dao.SShopMapper wl.service.impl.SCustomerServiceImpl.shopDao
[DEBUG][2016-07-21 13:52:54,940][org.springframework.beans.factory.annotation.InjectionMetadata]Found injected element on class [wl.service.impl.SCustomerServiceImpl]: ResourceElement for private wl.dao.SMemberMapper wl.service.impl.SCustomerServiceImpl.memberDao
[DEBUG][2016-07-21 13:52:54,940][org.springframework.beans.factory.annotation.InjectionMetadata]Found injected element on class [wl.service.impl.SCustomerServiceImpl]: ResourceElement for private wl.dao.SUserMapper wl.service.impl.SCustomerServiceImpl.userDao
[DEBUG][2016-07-21 13:52:54,940][org.springframework.beans.factory.support.DefaultListableBeanFactory]Eagerly caching bean 'scustomer' to allow for resolving potential circular references
[DEBUG][2016-07-21 13:52:54,945][org.springframework.beans.factory.annotation.InjectionMetadata]Processing injected method of bean 'scustomer': ResourceElement for private wl.dao.SCustomerMapper wl.service.impl.SCustomerServiceImpl.customerDao
[DEBUG][2016-07-21 13:52:54,955][org.springframework.beans.factory.support.DefaultListableBeanFactory]Returning cached instance of singleton bean 'SCustomerMapper'
[DEBUG][2016-07-21 13:52:54,957][org.springframework.beans.factory.annotation.InjectionMetadata]Processing injected method of bean 'scustomer': ResourceElement for private wl.dao.SShopMapper wl.service.impl.SCustomerServiceImpl.shopDao
[DEBUG][2016-07-21 13:52:54,962][org.springframework.beans.factory.support.DefaultListableBeanFactory]Returning cached instance of singleton bean 'SShopMapper'
[DEBUG][2016-07-21 13:52:54,968][org.springframework.beans.factory.annotation.InjectionMetadata]Processing injected method of bean 'scustomer': ResourceElement for private wl.dao.SMemberMapper wl.service.impl.SCustomerServiceImpl.memberDao
[DEBUG][2016-07-21 13:52:54,971][org.springframework.beans.factory.support.DefaultListableBeanFactory]Returning cached instance of singleton bean 'SMemberMapper'
[DEBUG][2016-07-21 13:52:54,986][org.springframework.beans.factory.annotation.InjectionMetadata]Processing injected method of bean 'scustomer': ResourceElement for private wl.dao.SUserMapper wl.service.impl.SCustomerServiceImpl.userDao
[DEBUG][2016-07-21 13:52:54,987][org.springframework.beans.factory.support.DefaultListableBeanFactory]Returning cached instance of singleton bean 'SUserMapper'
[DEBUG][2016-07-21 13:52:54,995][org.springframework.beans.factory.support.DefaultListableBeanFactory]Finished creating instance of bean 'scustomer'
[DEBUG][2016-07-21 13:52:54,995][org.springframework.beans.factory.support.DefaultListableBeanFactory]Creating shared instance of singleton bean 'orderService'
[DEBUG][2016-07-21 13:52:54,995][org.springframework.beans.factory.support.DefaultListableBeanFactory]Creating instance of bean 'orderService'
[DEBUG][2016-07-21 13:52:54,997][org.springframework.beans.factory.annotation.InjectionMetadata]Found injected element on class [wl.service.impl.SOrderServiceImpl]: ResourceElement for private wl.dao.SUserMapper wl.service.impl.SOrderServiceImpl.userDao
[DEBUG][2016-07-21 13:52:54,997][org.springframework.beans.factory.annotation.InjectionMetadata]Found injected element on class [wl.service.impl.SOrderServiceImpl]: ResourceElement for private wl.dao.SShopMapper wl.service.impl.SOrderServiceImpl.shopDao
[DEBUG][2016-07-21 13:52:54,999][org.springframework.beans.factory.annotation.InjectionMetadata]Found injected element on class [wl.service.impl.SOrderServiceImpl]: ResourceElement for private wl.dao.SServiceMapper wl.service.impl.SOrderServiceImpl.serviceDao
[DEBUG][2016-07-21 13:52:55,000][org.springframework.beans.factory.annotation.InjectionMetadata]Found injected element on class [wl.service.impl.SOrderServiceImpl]: ResourceElement for private wl.dao.SOrderMapper wl.service.impl.SOrderServiceImpl.orderDao
[DEBUG][2016-07-21 13:52:55,000][org.springframework.beans.factory.support.DefaultListableBeanFactory]Eagerly caching bean 'orderService' to allow for resolving potential circular references
[DEBUG][2016-07-21 13:52:55,005][org.springframework.beans.factory.annotation.InjectionMetadata]Processing injected method of bean 'orderService': ResourceElement for private wl.dao.SUserMapper wl.service.impl.SOrderServiceImpl.userDao
[DEBUG][2016-07-21 13:52:55,006][org.springframework.beans.factory.support.DefaultListableBeanFactory]Returning cached instance of singleton bean 'SUserMapper'
[DEBUG][2016-07-21 13:52:55,007][org.springframework.beans.factory.annotation.InjectionMetadata]Processing injected method of bean 'orderService': ResourceElement for private wl.dao.SShopMapper wl.service.impl.SOrderServiceImpl.shopDao
[DEBUG][2016-07-21 13:52:55,009][org.springframework.beans.factory.support.DefaultListableBeanFactory]Returning cached instance of singleton bean 'SShopMapper'
[DEBUG][2016-07-21 13:52:55,010][org.springframework.beans.factory.annotation.InjectionMetadata]Processing injected method of bean 'orderService': ResourceElement for private wl.dao.SServiceMapper wl.service.impl.SOrderServiceImpl.serviceDao
[DEBUG][2016-07-21 13:52:55,011][org.springframework.beans.factory.support.DefaultListableBeanFactory]Returning cached instance of singleton bean 'SServiceMapper'
[DEBUG][2016-07-21 13:52:55,013][org.springframework.beans.factory.annotation.InjectionMetadata]Processing injected method of bean 'orderService': ResourceElement for private wl.dao.SOrderMapper wl.service.impl.SOrderServiceImpl.orderDao
[DEBUG][2016-07-21 13:52:55,014][org.springframework.beans.factory.support.DefaultListableBeanFactory]Returning cached instance of singleton bean 'SOrderMapper'
[DEBUG][2016-07-21 13:52:55,029][org.springframework.beans.factory.support.DefaultListableBeanFactory]Finished creating instance of bean 'orderService'
[DEBUG][2016-07-21 13:52:55,030][org.springframework.beans.factory.support.DefaultListableBeanFactory]Creating shared instance of singleton bean 'srole'
[DEBUG][2016-07-21 13:52:55,031][org.springframework.beans.factory.support.DefaultListableBeanFactory]Creating instance of bean 'srole'
[DEBUG][2016-07-21 13:52:55,031][org.springframework.beans.factory.annotation.InjectionMetadata]Found injected element on class [wl.service.impl.SRoleServiceImpl]: ResourceElement for private wl.dao.SRoleMapper wl.service.impl.SRoleServiceImpl.sroleDao
[DEBUG][2016-07-21 13:52:55,032][org.springframework.beans.factory.support.DefaultListableBeanFactory]Eagerly caching bean 'srole' to allow for resolving potential circular references
[DEBUG][2016-07-21 13:52:55,045][org.springframework.beans.factory.annotation.InjectionMetadata]Processing injected method of bean 'srole': ResourceElement for private wl.dao.SRoleMapper wl.service.impl.SRoleServiceImpl.sroleDao
[DEBUG][2016-07-21 13:52:55,045][org.springframework.beans.factory.support.DefaultListableBeanFactory]Returning cached instance of singleton bean 'SRoleMapper'
[DEBUG][2016-07-21 13:52:55,048][org.springframework.beans.factory.support.DefaultListableBeanFactory]Finished creating instance of bean 'srole'
[DEBUG][2016-07-21 13:52:55,048][org.springframework.beans.factory.support.DefaultListableBeanFactory]Creating shared instance of singleton bean 'sservice'
[DEBUG][2016-07-21 13:52:55,048][org.springframework.beans.factory.support.DefaultListableBeanFactory]Creating instance of bean 'sservice'
[DEBUG][2016-07-21 13:52:55,049][org.springframework.beans.factory.annotation.InjectionMetadata]Found injected element on class [wl.service.impl.SServiceServiceImpl]: ResourceElement for private wl.dao.SShopMapper wl.service.impl.SServiceServiceImpl.shopDao
[DEBUG][2016-07-21 13:52:55,050][org.springframework.beans.factory.annotation.InjectionMetadata]Found injected element on class [wl.service.impl.SServiceServiceImpl]: ResourceElement for private wl.dao.SServiceMapper wl.service.impl.SServiceServiceImpl.serviceDao
[DEBUG][2016-07-21 13:52:55,050][org.springframework.beans.factory.support.DefaultListableBeanFactory]Eagerly caching bean 'sservice' to allow for resolving potential circular references
[DEBUG][2016-07-21 13:52:55,064][org.springframework.beans.factory.annotation.InjectionMetadata]Processing injected method of bean 'sservice': ResourceElement for private wl.dao.SShopMapper wl.service.impl.SServiceServiceImpl.shopDao
[DEBUG][2016-07-21 13:52:55,066][org.springframework.beans.factory.support.DefaultListableBeanFactory]Returning cached instance of singleton bean 'SShopMapper'
[DEBUG][2016-07-21 13:52:55,066][org.springframework.beans.factory.annotation.InjectionMetadata]Processing injected method of bean 'sservice': ResourceElement for private wl.dao.SServiceMapper wl.service.impl.SServiceServiceImpl.serviceDao
[DEBUG][2016-07-21 13:52:55,067][org.springframework.beans.factory.support.DefaultListableBeanFactory]Returning cached instance of singleton bean 'SServiceMapper'
[DEBUG][2016-07-21 13:52:55,067][org.springframework.beans.factory.support.DefaultListableBeanFactory]Finished creating instance of bean 'sservice'
[DEBUG][2016-07-21 13:52:55,067][org.springframework.beans.factory.support.DefaultListableBeanFactory]Creating shared instance of singleton bean 'sshop'
[DEBUG][2016-07-21 13:52:55,068][org.springframework.beans.factory.support.DefaultListableBeanFactory]Creating instance of bean 'sshop'
[DEBUG][2016-07-21 13:52:55,069][org.springframework.beans.factory.annotation.InjectionMetadata]Found injected element on class [wl.service.impl.SShopServiceImpl]: ResourceElement for private wl.dao.SShopMapper wl.service.impl.SShopServiceImpl.sshopDao
[DEBUG][2016-07-21 13:52:55,069][org.springframework.beans.factory.annotation.InjectionMetadata]Found injected element on class [wl.service.impl.SShopServiceImpl]: ResourceElement for private wl.dao.SBossMapper wl.service.impl.SShopServiceImpl.sbossDao
[DEBUG][2016-07-21 13:52:55,069][org.springframework.beans.factory.support.DefaultListableBeanFactory]Eagerly caching bean 'sshop' to allow for resolving potential circular references
[DEBUG][2016-07-21 13:52:55,073][org.springframework.beans.factory.annotation.InjectionMetadata]Processing injected method of bean 'sshop': ResourceElement for private wl.dao.SShopMapper wl.service.impl.SShopServiceImpl.sshopDao
[DEBUG][2016-07-21 13:52:55,074][org.springframework.beans.factory.support.DefaultListableBeanFactory]Returning cached instance of singleton bean 'SShopMapper'
[DEBUG][2016-07-21 13:52:55,075][org.springframework.beans.factory.annotation.InjectionMetadata]Processing injected method of bean 'sshop': ResourceElement for private wl.dao.SBossMapper wl.service.impl.SShopServiceImpl.sbossDao
[DEBUG][2016-07-21 13:52:55,076][org.springframework.beans.factory.support.DefaultListableBeanFactory]Returning cached instance of singleton bean 'SBossMapper'
[DEBUG][2016-07-21 13:52:55,077][org.springframework.beans.factory.support.DefaultListableBeanFactory]Finished creating instance of bean 'sshop'
[DEBUG][2016-07-21 13:52:55,077][org.springframework.beans.factory.support.DefaultListableBeanFactory]Creating shared instance of singleton bean 'sUserApply'
[DEBUG][2016-07-21 13:52:55,077][org.springframework.beans.factory.support.DefaultListableBeanFactory]Creating instance of bean 'sUserApply'
[DEBUG][2016-07-21 13:52:55,080][org.springframework.beans.factory.annotation.InjectionMetadata]Found injected element on class [wl.service.impl.SUserApplyServiceImpl]: ResourceElement for private wl.dao.SUserMapper wl.service.impl.SUserApplyServiceImpl.userDao
[DEBUG][2016-07-21 13:52:55,080][org.springframework.beans.factory.annotation.InjectionMetadata]Found injected element on class [wl.service.impl.SUserApplyServiceImpl]: ResourceElement for private wl.dao.SShopMapper wl.service.impl.SUserApplyServiceImpl.shopDao
[DEBUG][2016-07-21 13:52:55,081][org.springframework.beans.factory.annotation.InjectionMetadata]Found injected element on class [wl.service.impl.SUserApplyServiceImpl]: ResourceElement for private wl.dao.SUserApplyMapper wl.service.impl.SUserApplyServiceImpl.userApplyDao
[DEBUG][2016-07-21 13:52:55,083][org.springframework.beans.factory.support.DefaultListableBeanFactory]Eagerly caching bean 'sUserApply' to allow for resolving potential circular references
[DEBUG][2016-07-21 13:52:55,089][org.springframework.beans.factory.annotation.InjectionMetadata]Processing injected method of bean 'sUserApply': ResourceElement for private wl.dao.SUserMapper wl.service.impl.SUserApplyServiceImpl.userDao
[DEBUG][2016-07-21 13:52:55,091][org.springframework.beans.factory.support.DefaultListableBeanFactory]Returning cached instance of singleton bean 'SUserMapper'
[DEBUG][2016-07-21 13:52:55,092][org.springframework.beans.factory.annotation.InjectionMetadata]Processing injected method of bean 'sUserApply': ResourceElement for private wl.dao.SShopMapper wl.service.impl.SUserApplyServiceImpl.shopDao
[DEBUG][2016-07-21 13:52:55,093][org.springframework.beans.factory.support.DefaultListableBeanFactory]Returning cached instance of singleton bean 'SShopMapper'
[DEBUG][2016-07-21 13:52:55,093][org.springframework.beans.factory.annotation.InjectionMetadata]Processing injected method of bean 'sUserApply': ResourceElement for private wl.dao.SUserApplyMapper wl.service.impl.SUserApplyServiceImpl.userApplyDao
[DEBUG][2016-07-21 13:52:55,093][org.springframework.beans.factory.support.DefaultListableBeanFactory]Returning cached instance of singleton bean 'SUserApplyMapper'
[DEBUG][2016-07-21 13:52:55,096][org.springframework.beans.factory.support.DefaultListableBeanFactory]Finished creating instance of bean 'sUserApply'
[DEBUG][2016-07-21 13:52:55,096][org.springframework.beans.factory.support.DefaultListableBeanFactory]Creating shared instance of singleton bean 'suserplane'
[DEBUG][2016-07-21 13:52:55,098][org.springframework.beans.factory.support.DefaultListableBeanFactory]Creating instance of bean 'suserplane'
[DEBUG][2016-07-21 13:52:55,104][org.springframework.beans.factory.annotation.InjectionMetadata]Found injected element on class [wl.service.impl.SUserPlaneServiceImpl]: ResourceElement for private wl.dao.SUserMapper wl.service.impl.SUserPlaneServiceImpl.userDao
[DEBUG][2016-07-21 13:52:55,104][org.springframework.beans.factory.annotation.InjectionMetadata]Found injected element on class [wl.service.impl.SUserPlaneServiceImpl]: ResourceElement for private wl.dao.SShopMapper wl.service.impl.SUserPlaneServiceImpl.shopDao
[DEBUG][2016-07-21 13:52:55,104][org.springframework.beans.factory.annotation.InjectionMetadata]Found injected element on class [wl.service.impl.SUserPlaneServiceImpl]: ResourceElement for private wl.dao.SUserPlaneMapper wl.service.impl.SUserPlaneServiceImpl.userPlaneDao
[DEBUG][2016-07-21 13:52:55,105][org.springframework.beans.factory.support.DefaultListableBeanFactory]Eagerly caching bean 'suserplane' to allow for resolving potential circular references
[DEBUG][2016-07-21 13:52:55,125][org.springframework.beans.factory.annotation.InjectionMetadata]Processing injected method of bean 'suserplane': ResourceElement for private wl.dao.SUserMapper wl.service.impl.SUserPlaneServiceImpl.userDao
[DEBUG][2016-07-21 13:52:55,125][org.springframework.beans.factory.support.DefaultListableBeanFactory]Returning cached instance of singleton bean 'SUserMapper'
[DEBUG][2016-07-21 13:52:55,125][org.springframework.beans.factory.annotation.InjectionMetadata]Processing injected method of bean 'suserplane': ResourceElement for private wl.dao.SShopMapper wl.service.impl.SUserPlaneServiceImpl.shopDao
[DEBUG][2016-07-21 13:52:55,128][org.springframework.beans.factory.support.DefaultListableBeanFactory]Returning cached instance of singleton bean 'SShopMapper'
[DEBUG][2016-07-21 13:52:55,128][org.springframework.beans.factory.annotation.InjectionMetadata]Processing injected method of bean 'suserplane': ResourceElement for private wl.dao.SUserPlaneMapper wl.service.impl.SUserPlaneServiceImpl.userPlaneDao
[DEBUG][2016-07-21 13:52:55,129][org.springframework.beans.factory.support.DefaultListableBeanFactory]Returning cached instance of singleton bean 'SUserPlaneMapper'
[DEBUG][2016-07-21 13:52:55,154][org.springframework.beans.factory.support.DefaultListableBeanFactory]Finished creating instance of bean 'suserplane'
[DEBUG][2016-07-21 13:52:55,154][org.springframework.beans.factory.support.DefaultListableBeanFactory]Creating shared instance of singleton bean 'suser'
[DEBUG][2016-07-21 13:52:55,154][org.springframework.beans.factory.support.DefaultListableBeanFactory]Creating instance of bean 'suser'
[DEBUG][2016-07-21 13:52:55,157][org.springframework.beans.factory.annotation.InjectionMetadata]Found injected element on class [wl.service.impl.SUserServiceImpl]: ResourceElement for private wl.dao.SUserMapper wl.service.impl.SUserServiceImpl.suserDao
[DEBUG][2016-07-21 13:52:55,157][org.springframework.beans.factory.annotation.InjectionMetadata]Found injected element on class [wl.service.impl.SUserServiceImpl]: ResourceElement for private wl.dao.SRoleMapper wl.service.impl.SUserServiceImpl.sroleDao
[DEBUG][2016-07-21 13:52:55,157][org.springframework.beans.factory.annotation.InjectionMetadata]Found injected element on class [wl.service.impl.SUserServiceImpl]: ResourceElement for private wl.dao.SShopMapper wl.service.impl.SUserServiceImpl.sshopDao
[DEBUG][2016-07-21 13:52:55,158][org.springframework.beans.factory.annotation.InjectionMetadata]Found injected element on class [wl.service.impl.SUserServiceImpl]: ResourceElement for private wl.dao.SBossMapper wl.service.impl.SUserServiceImpl.sbossDao
[DEBUG][2016-07-21 13:52:55,158][org.springframework.beans.factory.support.DefaultListableBeanFactory]Eagerly caching bean 'suser' to allow for resolving potential circular references
[DEBUG][2016-07-21 13:52:55,164][org.springframework.beans.factory.annotation.InjectionMetadata]Processing injected method of bean 'suser': ResourceElement for private wl.dao.SUserMapper wl.service.impl.SUserServiceImpl.suserDao
[DEBUG][2016-07-21 13:52:55,167][org.springframework.beans.factory.support.DefaultListableBeanFactory]Returning cached instance of singleton bean 'SUserMapper'
[DEBUG][2016-07-21 13:52:55,168][org.springframework.beans.factory.annotation.InjectionMetadata]Processing injected method of bean 'suser': ResourceElement for private wl.dao.SRoleMapper wl.service.impl.SUserServiceImpl.sroleDao
[DEBUG][2016-07-21 13:52:55,168][org.springframework.beans.factory.support.DefaultListableBeanFactory]Returning cached instance of singleton bean 'SRoleMapper'
[DEBUG][2016-07-21 13:52:55,176][org.springframework.beans.factory.annotation.InjectionMetadata]Processing injected method of bean 'suser': ResourceElement for private wl.dao.SShopMapper wl.service.impl.SUserServiceImpl.sshopDao
[DEBUG][2016-07-21 13:52:55,176][org.springframework.beans.factory.support.DefaultListableBeanFactory]Returning cached instance of singleton bean 'SShopMapper'
[DEBUG][2016-07-21 13:52:55,177][org.springframework.beans.factory.annotation.InjectionMetadata]Processing injected method of bean 'suser': ResourceElement for private wl.dao.SBossMapper wl.service.impl.SUserServiceImpl.sbossDao
[DEBUG][2016-07-21 13:52:55,177][org.springframework.beans.factory.support.DefaultListableBeanFactory]Returning cached instance of singleton bean 'SBossMapper'
[DEBUG][2016-07-21 13:52:55,184][org.springframework.beans.factory.support.DefaultListableBeanFactory]Finished creating instance of bean 'suser'
[DEBUG][2016-07-21 13:52:55,184][org.springframework.beans.factory.support.DefaultListableBeanFactory]Returning cached instance of singleton bean 'org.springframework.context.annotation.internalConfigurationAnnotationProcessor'
[DEBUG][2016-07-21 13:52:55,184][org.springframework.beans.factory.support.DefaultListableBeanFactory]Returning cached instance of singleton bean 'org.springframework.context.annotation.internalAutowiredAnnotationProcessor'
[DEBUG][2016-07-21 13:52:55,184][org.springframework.beans.factory.support.DefaultListableBeanFactory]Returning cached instance of singleton bean 'org.springframework.context.annotation.internalRequiredAnnotationProcessor'
[DEBUG][2016-07-21 13:52:55,185][org.springframework.beans.factory.support.DefaultListableBeanFactory]Returning cached instance of singleton bean 'org.springframework.context.annotation.internalCommonAnnotationProcessor'
[DEBUG][2016-07-21 13:52:55,185][org.springframework.beans.factory.support.DefaultListableBeanFactory]Returning cached instance of singleton bean 'propertyConfigurer'
[DEBUG][2016-07-21 13:52:55,185][org.springframework.beans.factory.support.DefaultListableBeanFactory]Returning cached instance of singleton bean 'dataSource'
[DEBUG][2016-07-21 13:52:55,185][org.springframework.beans.factory.support.DefaultListableBeanFactory]Returning cached instance of singleton bean 'sqlSessionFactory'
[DEBUG][2016-07-21 13:52:55,186][org.springframework.beans.factory.support.DefaultListableBeanFactory]Returning cached instance of singleton bean 'org.mybatis.spring.mapper.MapperScannerConfigurer#0'
[DEBUG][2016-07-21 13:52:55,186][org.springframework.beans.factory.support.DefaultListableBeanFactory]Creating shared instance of singleton bean 'transactionManager'
[DEBUG][2016-07-21 13:52:55,186][org.springframework.beans.factory.support.DefaultListableBeanFactory]Creating instance of bean 'transactionManager'
[DEBUG][2016-07-21 13:52:55,203][org.springframework.beans.factory.support.DefaultListableBeanFactory]Eagerly caching bean 'transactionManager' to allow for resolving potential circular references
[DEBUG][2016-07-21 13:52:55,218][org.springframework.beans.factory.support.DefaultListableBeanFactory]Returning cached instance of singleton bean 'dataSource'
[DEBUG][2016-07-21 13:52:55,219][org.springframework.beans.factory.support.DefaultListableBeanFactory]Invoking afterPropertiesSet() on bean with name 'transactionManager'
[DEBUG][2016-07-21 13:52:55,219][org.springframework.beans.factory.support.DefaultListableBeanFactory]Finished creating instance of bean 'transactionManager'
[DEBUG][2016-07-21 13:52:55,219][org.springframework.beans.factory.support.DefaultListableBeanFactory]Returning cached instance of singleton bean 'org.springframework.context.annotation.ConfigurationClassPostProcessor$ImportAwareBeanPostProcessor#0'
[DEBUG][2016-07-21 13:52:55,219][org.springframework.beans.factory.support.DefaultListableBeanFactory]Returning cached instance of singleton bean 'SBossMapper'
[DEBUG][2016-07-21 13:52:55,219][org.springframework.beans.factory.support.DefaultListableBeanFactory]Returning cached instance of singleton bean 'SCardMapper'
[DEBUG][2016-07-21 13:52:55,220][org.springframework.beans.factory.support.DefaultListableBeanFactory]Returning cached instance of singleton bean 'SCustomerChildrenMapper'
[DEBUG][2016-07-21 13:52:55,220][org.springframework.beans.factory.support.DefaultListableBeanFactory]Returning cached instance of singleton bean 'SCustomerMapper'
[DEBUG][2016-07-21 13:52:55,220][org.springframework.beans.factory.support.DefaultListableBeanFactory]Returning cached instance of singleton bean 'SInvitationCodeMapper'
[DEBUG][2016-07-21 13:52:55,220][org.springframework.beans.factory.support.DefaultListableBeanFactory]Returning cached instance of singleton bean 'SMemberMapper'
[DEBUG][2016-07-21 13:52:55,220][org.springframework.beans.factory.support.DefaultListableBeanFactory]Returning cached instance of singleton bean 'SOrderMapper'
[DEBUG][2016-07-21 13:52:55,220][org.springframework.beans.factory.support.DefaultListableBeanFactory]Returning cached instance of singleton bean 'SOrderServiceMapper'
[DEBUG][2016-07-21 13:52:55,221][org.springframework.beans.factory.support.DefaultListableBeanFactory]Returning cached instance of singleton bean 'SRoleMapper'
[DEBUG][2016-07-21 13:52:55,221][org.springframework.beans.factory.support.DefaultListableBeanFactory]Returning cached instance of singleton bean 'SServiceMapper'
[DEBUG][2016-07-21 13:52:55,221][org.springframework.beans.factory.support.DefaultListableBeanFactory]Returning cached instance of singleton bean 'SShopMapper'
[DEBUG][2016-07-21 13:52:55,221][org.springframework.beans.factory.support.DefaultListableBeanFactory]Returning cached instance of singleton bean 'SUserApplyMapper'
[DEBUG][2016-07-21 13:52:55,221][org.springframework.beans.factory.support.DefaultListableBeanFactory]Returning cached instance of singleton bean 'SUserMapper'
[DEBUG][2016-07-21 13:52:55,221][org.springframework.beans.factory.support.DefaultListableBeanFactory]Returning cached instance of singleton bean 'SUserPlaneMapper'
[DEBUG][2016-07-21 13:52:55,226][org.springframework.context.support.GenericApplicationContext]Unable to locate LifecycleProcessor with name 'lifecycleProcessor': using default [org.springframework.context.support.DefaultLifecycleProcessor@c88a337]
[DEBUG][2016-07-21 13:52:55,226][org.springframework.beans.factory.support.DefaultListableBeanFactory]Returning cached instance of singleton bean 'lifecycleProcessor'
[DEBUG][2016-07-21 13:52:55,310][org.springframework.beans.factory.support.DefaultListableBeanFactory]Returning cached instance of singleton bean 'sqlSessionFactory'
[DEBUG][2016-07-21 13:52:55,310][org.springframework.test.context.TestContext]Storing ApplicationContext for test class [class shop.TestDemo] in cache under key [[MergedContextConfiguration@ea4a92b testClass = TestDemo, locations = '{classpath:spring-mybatis.xml}', classes = '{}', activeProfiles = '{}', contextLoader = 'org.springframework.test.context.support.DelegatingSmartContextLoader']].
[DEBUG][2016-07-21 13:52:55,337][org.springframework.test.context.support.DirtiesContextTestExecutionListener]After test method: context [[TestContext@4ec6a292 testClass = TestDemo, testInstance = shop.TestDemo@1b40d5f0, testMethod = test1@TestDemo, testException = [null], mergedContextConfiguration = [MergedContextConfiguration@ea4a92b testClass = TestDemo, locations = '{classpath:spring-mybatis.xml}', classes = '{}', activeProfiles = '{}', contextLoader = 'org.springframework.test.context.support.DelegatingSmartContextLoader']]], class dirties context [false], class mode [null], method dirties context [false].
[DEBUG][2016-07-21 13:52:55,338][org.springframework.test.context.support.DirtiesContextTestExecutionListener]After test class: context [[TestContext@4ec6a292 testClass = TestDemo, testInstance = [null], testMethod = [null], testException = [null], mergedContextConfiguration = [MergedContextConfiguration@ea4a92b testClass = TestDemo, locations = '{classpath:spring-mybatis.xml}', classes = '{}', activeProfiles = '{}', contextLoader = 'org.springframework.test.context.support.DelegatingSmartContextLoader']]], dirtiesContext [false].
[INFO][2016-07-21 13:52:55,347][org.springframework.context.support.GenericApplicationContext]Closing org.springframework.context.support.GenericApplicationContext@39ba5a14: startup date [Thu Jul 21 13:52:51 CST 2016]; root of context hierarchy
[DEBUG][2016-07-21 13:52:55,349][org.springframework.beans.factory.support.DefaultListableBeanFactory]Returning cached instance of singleton bean 'sqlSessionFactory'
[DEBUG][2016-07-21 13:52:55,349][org.springframework.beans.factory.support.DefaultListableBeanFactory]Returning cached instance of singleton bean 'lifecycleProcessor'
[INFO][2016-07-21 13:52:55,349][org.springframework.beans.factory.support.DefaultListableBeanFactory]Destroying singletons in org.springframework.beans.factory.support.DefaultListableBeanFactory@ed9d034: defining beans [bossService,scustomer,orderService,srole,sservice,sshop,sUserApply,suserplane,suser,org.springframework.context.annotation.internalConfigurationAnnotationProcessor,org.springframework.context.annotation.internalAutowiredAnnotationProcessor,org.springframework.context.annotation.internalRequiredAnnotationProcessor,org.springframework.context.annotation.internalCommonAnnotationProcessor,propertyConfigurer,dataSource,sqlSessionFactory,org.mybatis.spring.mapper.MapperScannerConfigurer#0,transactionManager,org.springframework.context.annotation.ConfigurationClassPostProcessor$ImportAwareBeanPostProcessor#0,SBossMapper,SCardMapper,SCustomerChildrenMapper,SCustomerMapper,SInvitationCodeMapper,SMemberMapper,SOrderMapper,SOrderServiceMapper,SRoleMapper,SServiceMapper,SShopMapper,SUserApplyMapper,SUserMapper,SUserPlaneMapper]; root of factory hierarchy
[DEBUG][2016-07-21 13:52:55,353][org.springframework.beans.factory.support.DefaultListableBeanFactory]Retrieved dependent beans for bean 'com.github.pagehelper.PageHelper#63440df3': [sqlSessionFactory]
[DEBUG][2016-07-21 13:52:55,353][org.springframework.beans.factory.support.DisposableBeanAdapter]Invoking destroy method 'close' on bean with name 'dataSource'
[INFO][2016-07-21 13:52:55,355][com.alibaba.druid.pool.DruidDataSource]{dataSource-1} closed
